0 verbose cli /nix/store/cx0r35l6bwqixfyycxnk36wvlwpdypzg-nodejs-24.5.0/bin/node /nix/store/cx0r35l6bwqixfyycxnk36wvlwpdypzg-nodejs-24.5.0/bin/npm
1 info using npm@11.5.1
2 info using node@v24.5.0
3 silly config load:file:/nix/store/cx0r35l6bwqixfyycxnk36wvlwpdypzg-nodejs-24.5.0/lib/node_modules/npm/npmrc
4 silly config load:file:/home/fearlessgeek/devel/FearlessCMS/sandbox_home/.cache/typescript/5.8/.npmrc
5 silly config load:file:/home/fearlessgeek/devel/FearlessCMS/sandbox_home/.npmrc
6 silly config load:file:/nix/store/cx0r35l6bwqixfyycxnk36wvlwpdypzg-nodejs-24.5.0/etc/npmrc
7 verbose title npm install @types/fs-extra@ts5.8 @types/node@ts5.8 @types/react@ts5.8
8 verbose argv "install" "--ignore-scripts" "@types/fs-extra@ts5.8" "@types/node@ts5.8" "@types/react@ts5.8" "--save-dev" "--user-agent" "typesInstaller/5.8.3"
9 verbose logfile logs-max:10 dir:/home/fearlessgeek/devel/FearlessCMS/sandbox_home/.npm/_logs/2025-08-19T06_03_33_954Z-
10 verbose logfile /home/fearlessgeek/devel/FearlessCMS/sandbox_home/.npm/_logs/2025-08-19T06_03_33_954Z-debug-0.log
11 silly logfile done cleaning log files
12 silly packumentCache heap:4496293888 maxSize:1124073472 maxEntrySize:562036736
13 silly packumentCache corgi:https://registry.npmjs.org/@types%2ffs-extra cache-miss
14 silly packumentCache corgi:https://registry.npmjs.org/@types%2fnode cache-miss
15 silly packumentCache corgi:https://registry.npmjs.org/@types%2freact cache-miss
16 http fetch GET 200 https://registry.npmjs.org/@types%2ffs-extra 300ms (cache miss)
17 silly packumentCache corgi:https://registry.npmjs.org/@types%2ffs-extra set size:undefined disposed:false
18 http fetch GET 200 https://registry.npmjs.org/@types%2freact 363ms (cache miss)
19 silly packumentCache corgi:https://registry.npmjs.org/@types%2freact set size:undefined disposed:false
20 http fetch GET 200 https://registry.npmjs.org/@types%2fnode 558ms (cache miss)
21 silly packumentCache corgi:https://registry.npmjs.org/@types%2fnode set size:undefined disposed:false
22 silly idealTree buildDeps
23 silly fetch manifest @types/fs-extra@11.0.4
24 silly packumentCache full:https://registry.npmjs.org/@types%2ffs-extra cache-miss
25 http fetch GET 200 https://registry.npmjs.org/@types%2ffs-extra 128ms (cache miss)
26 silly packumentCache full:https://registry.npmjs.org/@types%2ffs-extra set size:undefined disposed:false
27 silly fetch manifest @types/react@19.1.10
28 silly packumentCache full:https://registry.npmjs.org/@types%2freact cache-miss
29 http fetch GET 200 https://registry.npmjs.org/@types%2freact 260ms (cache miss)
30 silly packumentCache full:https://registry.npmjs.org/@types%2freact set size:undefined disposed:false
31 silly fetch manifest @types/node@24.3.0
32 silly packumentCache full:https://registry.npmjs.org/@types%2fnode cache-miss
33 http fetch GET 200 https://registry.npmjs.org/@types%2fnode 372ms (cache miss)
34 silly packumentCache full:https://registry.npmjs.org/@types%2fnode set size:undefined disposed:false
35 silly placeDep ROOT @types/fs-extra@11.0.4 OK for:  want: 11.0.4
36 silly placeDep ROOT @types/node@24.3.0 OK for:  want: 24.3.0
37 silly placeDep ROOT @types/react@19.1.10 OK for:  want: 19.1.10
38 silly fetch manifest @types/node@*
39 silly packumentCache full:https://registry.npmjs.org/@types%2fnode cache-miss
40 silly fetch manifest @types/jsonfile@*
41 silly packumentCache full:https://registry.npmjs.org/@types%2fjsonfile cache-miss
42 silly fetch manifest undici-types@~7.10.0
43 silly packumentCache full:https://registry.npmjs.org/undici-types cache-miss
44 silly fetch manifest csstype@^3.0.2
45 silly packumentCache full:https://registry.npmjs.org/csstype cache-miss
46 http cache https://registry.npmjs.org/@types%2fnode 90ms (cache hit)
47 silly packumentCache full:https://registry.npmjs.org/@types%2fnode set size:10491171 disposed:false
48 http fetch GET 200 https://registry.npmjs.org/undici-types 235ms (cache miss)
49 silly packumentCache full:https://registry.npmjs.org/undici-types set size:undefined disposed:false
50 http fetch GET 200 https://registry.npmjs.org/csstype 243ms (cache miss)
51 silly packumentCache full:https://registry.npmjs.org/csstype set size:undefined disposed:false
52 http fetch GET 200 https://registry.npmjs.org/@types%2fjsonfile 335ms (cache miss)
53 silly packumentCache full:https://registry.npmjs.org/@types%2fjsonfile set size:undefined disposed:false
54 silly placeDep ROOT @types/jsonfile@6.1.4 OK for: @types/fs-extra@11.0.4 want: *
55 silly placeDep ROOT undici-types@7.10.0 OK for: @types/node@24.3.0 want: ~7.10.0
56 silly placeDep ROOT csstype@3.1.3 OK for: @types/react@19.1.10 want: ^3.0.2
57 silly reify moves {}
58 silly audit bulk request {
58 silly audit   'types-registry': [ '0.1.734' ],
58 silly audit   '@types/fs-extra': [ '11.0.4' ],
58 silly audit   '@types/node': [ '24.3.0' ],
58 silly audit   '@types/react': [ '19.1.10' ],
58 silly audit   '@types/jsonfile': [ '6.1.4' ],
58 silly audit   'undici-types': [ '7.10.0' ],
58 silly audit   csstype: [ '3.1.3' ]
58 silly audit }
59 http cache undici-types@https://registry.npmjs.org/undici-types/-/undici-types-7.10.0.tgz 0ms (cache hit)
60 http cache @types/jsonfile@https://registry.npmjs.org/@types/jsonfile/-/jsonfile-6.1.4.tgz 1ms (cache hit)
61 http cache csstype@https://registry.npmjs.org/csstype/-/csstype-3.1.3.tgz 0ms (cache hit)
62 http cache @types/node@https://registry.npmjs.org/@types/node/-/node-24.3.0.tgz 0ms (cache hit)
63 http cache @types/react@https://registry.npmjs.org/@types/react/-/react-19.1.10.tgz 0ms (cache hit)
64 http cache @types/fs-extra@https://registry.npmjs.org/@types/fs-extra/-/fs-extra-11.0.4.tgz 0ms (cache hit)
65 silly tarball no local data for undici-types@https://registry.npmjs.org/undici-types/-/undici-types-7.10.0.tgz. Extracting by manifest.
66 silly tarball no local data for @types/jsonfile@https://registry.npmjs.org/@types/jsonfile/-/jsonfile-6.1.4.tgz. Extracting by manifest.
67 silly tarball no local data for csstype@https://registry.npmjs.org/csstype/-/csstype-3.1.3.tgz. Extracting by manifest.
68 silly tarball no local data for @types/node@https://registry.npmjs.org/@types/node/-/node-24.3.0.tgz. Extracting by manifest.
69 silly tarball no local data for @types/react@https://registry.npmjs.org/@types/react/-/react-19.1.10.tgz. Extracting by manifest.
70 silly tarball no local data for @types/fs-extra@https://registry.npmjs.org/@types/fs-extra/-/fs-extra-11.0.4.tgz. Extracting by manifest.
71 http fetch POST 200 https://registry.npmjs.org/-/npm/v1/security/advisories/bulk 135ms
72 silly audit report {}
73 http fetch GET 200 https://registry.npmjs.org/@types/jsonfile/-/jsonfile-6.1.4.tgz 135ms (cache miss)
74 http fetch GET 200 https://registry.npmjs.org/undici-types/-/undici-types-7.10.0.tgz 184ms (cache miss)
75 http fetch GET 200 https://registry.npmjs.org/@types/fs-extra/-/fs-extra-11.0.4.tgz 180ms (cache miss)
76 http fetch GET 200 https://registry.npmjs.org/csstype/-/csstype-3.1.3.tgz 274ms (cache miss)
77 http fetch GET 200 https://registry.npmjs.org/@types/react/-/react-19.1.10.tgz 286ms (cache miss)
78 http fetch GET 200 https://registry.npmjs.org/@types/node/-/node-24.3.0.tgz 365ms (cache miss)
79 silly ADD node_modules/csstype
80 silly ADD node_modules/undici-types
81 silly ADD node_modules/@types/jsonfile
82 silly ADD node_modules/@types/react
83 silly ADD node_modules/@types/node
84 silly ADD node_modules/@types/fs-extra
85 verbose cwd /home/fearlessgeek/devel/FearlessCMS/sandbox_home/.cache/typescript/5.8
86 verbose os Linux 6.16.0
87 verbose node v24.5.0
88 verbose npm  v11.5.1
89 verbose exit 0
90 info ok
