0 verbose cli /nix/store/cx0r35l6bwqixfyycxnk36wvlwpdypzg-nodejs-24.5.0/bin/node /nix/store/cx0r35l6bwqixfyycxnk36wvlwpdypzg-nodejs-24.5.0/bin/npm
1 info using npm@11.5.1
2 info using node@v24.5.0
3 silly config load:file:/nix/store/cx0r35l6bwqixfyycxnk36wvlwpdypzg-nodejs-24.5.0/lib/node_modules/npm/npmrc
4 silly config load:file:/home/fearlessgeek/devel/FearlessCMS/sandbox_home/.cache/typescript/5.8/.npmrc
5 silly config load:file:/home/fearlessgeek/devel/FearlessCMS/sandbox_home/.npmrc
6 silly config load:file:/nix/store/cx0r35l6bwqixfyycxnk36wvlwpdypzg-nodejs-24.5.0/etc/npmrc
7 verbose title npm install types-registry@latest
8 verbose argv "install" "--ignore-scripts" "types-registry@latest"
9 verbose logfile logs-max:10 dir:/home/fearlessgeek/devel/FearlessCMS/sandbox_home/.npm/_logs/2025-08-19T23_37_18_988Z-
10 verbose logfile /home/fearlessgeek/devel/FearlessCMS/sandbox_home/.npm/_logs/2025-08-19T23_37_18_988Z-debug-0.log
11 silly logfile done cleaning log files
12 silly packumentCache heap:4496293888 maxSize:1124073472 maxEntrySize:562036736
13 silly packumentCache corgi:https://registry.npmjs.org/types-registry cache-miss
14 http fetch GET 200 https://registry.npmjs.org/types-registry 265ms (cache revalidated)
15 silly packumentCache corgi:https://registry.npmjs.org/types-registry set size:605682 disposed:false
16 silly idealTree buildDeps
17 silly fetch manifest types-registry@0.1.734
18 silly packumentCache full:https://registry.npmjs.org/types-registry cache-miss
19 http fetch GET 200 https://registry.npmjs.org/types-registry 88ms (cache revalidated)
20 silly packumentCache full:https://registry.npmjs.org/types-registry set size:1290951 disposed:false
21 silly placeDep ROOT types-registry@0.1.734 REPLACE for:  want: 0.1.734
22 silly reify moves {}
23 silly audit bulk request {
23 silly audit   '@types/fs-extra': [ '11.0.4' ],
23 silly audit   '@types/jsonfile': [ '6.1.4' ],
23 silly audit   '@types/node': [ '24.3.0' ],
23 silly audit   '@types/react': [ '19.1.10' ],
23 silly audit   csstype: [ '3.1.3' ],
23 silly audit   'undici-types': [ '7.10.0' ],
23 silly audit   'types-registry': [ '0.1.734' ]
23 silly audit }
24 http fetch POST 200 https://registry.npmjs.org/-/npm/v1/security/advisories/bulk 199ms
25 silly audit report {}
26 verbose cwd /home/fearlessgeek/devel/FearlessCMS/sandbox_home/.cache/typescript/5.8
27 verbose os Linux 6.16.0
28 verbose node v24.5.0
29 verbose npm  v11.5.1
30 verbose exit 0
31 info ok
