[2025-06-05 00:51:38] Form submission handler called
[2025-06-05 00:51:38] Not a POST request
[2025-06-05 00:51:49] Form submission handler called
[2025-06-05 00:51:49] Processing form submission for form ID: form_6840d43e84989
[2025-06-05 00:51:49] Form data loaded: Array
(
    [id] => form_6840d43e84989
    [title] => Form
    [description] => A form
    [email_recipients] => Array
        (
            [0] => service@fearlessgeekmedia.com
        )

    [email_from] => service@fearlessgeekmedia.com
    [fields] => Array
        (
            [0] => Array
                (
                    [id] => field_0
                    [label] => test input
                    [type] => text
                    [required] => 
                    [options] => 
                )

            [1] => Array
                (
                    [id] => field_1
                    [label] => test e-mail
                    [type] => email
                    [required] => 
                    [options] => 
                )

            [2] => Array
                (
                    [id] => field_2
                    [label] => test message
                    [type] => textarea
                    [required] => 
                    [options] => 
                )

        )

)

[2025-06-05 00:51:49] Plugin settings loaded: Array
(
    [smtp_host] => smtp.gmail.com
    [smtp_port] => 587
    [smtp_username] => michaelaverywilliams@gmail.com
    [smtp_password] => Take0ff$2023
    [smtp_encryption] => tls
    [from_email] => service@fearlessgeekmedia.com
    [from_name] => Fearless Geek Media
)

[2025-06-05 00:51:49] Email message prepared: New form submission from Form

Submitted on: 2025-06-05 00:51:49

test input: Test inpu
test e-mail: test@test.com
test message: test message

[2025-06-05 00:51:49] Email recipients found: Array
(
    [0] => service@fearlessgeekmedia.com
)

[2025-06-05 00:51:49] Attempting SMTP connection to smtp.gmail.com:587
[2025-06-05 00:51:50] SMTP Server response: 220 smtp.gmail.com ESMTP 98e67ed59e1d1-313319020e0sm45061a91.12 - gsmtp
[2025-06-05 00:51:50] SMTP EHLO response: 250-smtp.gmail.com at your service, [65.181.52.82]
[2025-06-05 00:51:50] SMTP STARTTLS response: 250-SIZE 35882577
[2025-06-05 00:51:50] SMTP AUTH response: 250-8BITMIME
[2025-06-05 00:51:50] SMTP Username response: 250-STARTTLS
[2025-06-05 00:51:50] SMTP Password response: 250-ENHANCEDSTATUSCODES
[2025-06-05 00:51:50] SMTP MAIL FROM response: 250-PIPELINING
[2025-06-05 00:51:50] SMTP RCPT TO response for service@fearlessgeekmedia.com: 250-CHUNKING
[2025-06-05 00:51:50] SMTP DATA response: 250 SMTPUTF8
[2025-06-05 00:51:50] SMTP Message send response: .0.0 Ready to start TLS
[2025-06-05 00:51:50] SMTP connection closed
[2025-06-05 00:51:50] Form submission handler called
[2025-06-05 00:51:50] Not a POST request
[2025-06-05 00:51:50] Form submission handler called
[2025-06-05 00:51:50] Not a POST request
[2025-06-05 01:03:42] Test email requested
[2025-06-05 01:03:42] Test email settings: Array
(
    [smtp_host] => smtp.gmail.com
    [smtp_port] => 587
    [smtp_username] => michaelaverywilliams@gmail.com
    [smtp_password] => Take0ff$2023
    [smtp_encryption] => tls
    [from_email] => service@fearlessgeekmedia.com
    [from_name] => Fearless Geek Media
)

[2025-06-05 01:03:42] Attempting to send test email to: service@fearlessgeekmedia.com
[2025-06-05 01:03:42] Testing SMTP connection to smtp.gmail.com:587
[2025-06-05 01:03:42] SMTP connection established
[2025-06-05 01:03:42] SMTP Server response: 220 smtp.gmail.com ESMTP d9443c01a7336-23506d16e1asm109534625ad.243 - gsmtp
[2025-06-05 01:03:42] SMTP EHLO response: 250-smtp.gmail.com at your service, [65.181.52.82]
[2025-06-05 01:03:42] Starting TLS encryption
[2025-06-05 01:03:42] SMTP STARTTLS response: 250-SIZE 35882577
[2025-06-05 01:03:42] TLS encryption failed
[2025-06-05 01:04:46] Test email requested
[2025-06-05 01:04:46] Test email settings: Array
(
    [smtp_host] => smtp.gmail.com
    [smtp_port] => 587
    [smtp_username] => michaelaverywilliams@gmail.com
    [smtp_password] => Take0ff$2023
    [smtp_encryption] => tls
    [from_email] => service@fearlessgeekmedia.com
    [from_name] => Fearless Geek Media
)

[2025-06-05 01:04:46] Attempting to send test email to: service@fearlessgeekmedia.com
[2025-06-05 01:04:46] Testing SMTP connection to smtp.gmail.com:587
[2025-06-05 01:04:46] SMTP connection established
[2025-06-05 01:04:46] SMTP Server response: 220 smtp.gmail.com ESMTP d9443c01a7336-235caa81bc2sm33874295ad.205 - gsmtp
[2025-06-05 01:04:46] Starting TLS encryption
[2025-06-05 01:04:46] SMTP STARTTLS response: 503-5.5.1 EHLO/HELO first. A mail transaction protocol command was issued out of
[2025-06-05 01:04:46] STARTTLS command failed: 503-5.5.1 EHLO/HELO first. A mail transaction protocol command was issued out of
[2025-06-05 01:08:37] Test email requested
[2025-06-05 01:08:37] Test email settings: Array
(
    [smtp_host] => smtp.gmail.com
    [smtp_port] => 587
    [smtp_username] => michaelaverywilliams@gmail.com
    [smtp_password] => Take0ff$2023
    [smtp_encryption] => tls
    [from_email] => service@fearlessgeekmedia.com
    [from_name] => Fearless Geek Media
)

[2025-06-05 01:08:37] Attempting to send test email to: service@fearlessgeekmedia.com
[2025-06-05 01:08:37] Testing SMTP connection to smtp.gmail.com:587
[2025-06-05 01:08:38] SMTP connection established
[2025-06-05 01:08:38] SMTP Server response: 220 smtp.gmail.com ESMTP d9443c01a7336-23506cf5249sm109473915ad.192 - gsmtp
[2025-06-05 01:08:38] SMTP EHLO response: 250-smtp.gmail.com at your service, [65.181.52.82]
[2025-06-05 01:08:38] Starting TLS encryption
[2025-06-05 01:08:38] SMTP STARTTLS response: 250-SIZE 35882577
[2025-06-05 01:08:38] STARTTLS command failed: 250-SIZE 35882577
[2025-06-05 01:11:49] Test email requested
[2025-06-05 01:11:49] Test email settings: Array
(
    [smtp_host] => smtp.gmail.com
    [smtp_port] => 587
    [smtp_username] => michaelaverywilliams@gmail.com
    [smtp_password] => Take0ff$2023
    [smtp_encryption] => tls
    [from_email] => service@fearlessgeekmedia.com
    [from_name] => Fearless Geek Media
)

[2025-06-05 01:11:49] Test email failed: No email address provided
[2025-06-05 01:12:08] Test email requested
[2025-06-05 01:12:08] Test email settings: Array
(
    [smtp_host] => smtp.gmail.com
    [smtp_port] => 587
    [smtp_username] => michaelaverywilliams@gmail.com
    [smtp_password] => Take0ff$2023
    [smtp_encryption] => tls
    [from_email] => service@fearlessgeekmedia.com
    [from_name] => Fearless Geek Media
)

[2025-06-05 01:12:08] Attempting to send test email to: service@fearlessgeekmedia.com
[2025-06-05 01:12:08] Testing SMTP connection to smtp.gmail.com:587
[2025-06-05 01:12:08] SMTP connection established
[2025-06-05 01:12:08] SMTP Server response: 220 smtp.gmail.com ESMTP d9443c01a7336-23506bd94a7sm109709115ad.93 - gsmtp
[2025-06-05 01:12:09] SMTP EHLO response line: 250-smtp.gmail.com at your service, [65.181.52.82]
[2025-06-05 01:12:09] SMTP EHLO response line: 250-SIZE 35882577
[2025-06-05 01:12:09] SMTP EHLO response line: 250-8BITMIME
[2025-06-05 01:12:09] SMTP EHLO response line: 250-STARTTLS
[2025-06-05 01:12:09] SMTP EHLO response line: 250-ENHANCEDSTATUSCODES
[2025-06-05 01:12:09] SMTP EHLO response line: 250-PIPELINING
[2025-06-05 01:12:09] SMTP EHLO response line: 250-CHUNKING
[2025-06-05 01:12:09] SMTP EHLO response line: 250 SMTPUTF8
[2025-06-05 01:12:09] Starting TLS encryption
[2025-06-05 01:12:09] SMTP STARTTLS response line: 220 2.0.0 Ready to start TLS
[2025-06-05 01:12:09] Failed to establish TLS connection:  (0)
[2025-06-05 01:17:19] Test email requested
[2025-06-05 01:17:19] Test email settings: Array
(
    [smtp_host] => smtp.gmail.com
    [smtp_port] => 587
    [smtp_username] => michaelaverywilliams@gmail.com
    [smtp_password] => Take0ff$2023
    [smtp_encryption] => tls
    [from_email] => service@fearlessgeekmedia.com
    [from_name] => Fearless Geek Media
)

[2025-06-05 01:17:19] Attempting to send test email to: service@fearlessgeekmedia.com
[2025-06-05 01:17:19] Testing SMTP connection to smtp.gmail.com:587
[2025-06-05 01:17:19] SMTP connection established
[2025-06-05 01:17:20] SMTP Server response: 220 smtp.gmail.com ESMTP 98e67ed59e1d1-3132c0987eesm316417a91.24 - gsmtp
[2025-06-05 01:17:20] SMTP EHLO response line: 250-smtp.gmail.com at your service, [65.181.52.82]
[2025-06-05 01:17:20] SMTP EHLO response line: 250-SIZE 35882577
[2025-06-05 01:17:20] SMTP EHLO response line: 250-8BITMIME
[2025-06-05 01:17:20] SMTP EHLO response line: 250-STARTTLS
[2025-06-05 01:17:20] SMTP EHLO response line: 250-ENHANCEDSTATUSCODES
[2025-06-05 01:17:20] SMTP EHLO response line: 250-PIPELINING
[2025-06-05 01:17:20] SMTP EHLO response line: 250-CHUNKING
[2025-06-05 01:17:20] SMTP EHLO response line: 250 SMTPUTF8
[2025-06-05 01:17:20] Starting TLS encryption
[2025-06-05 01:17:20] SMTP STARTTLS response line: 220 2.0.0 Ready to start TLS
[2025-06-05 01:17:20] Enabling TLS on existing connection
[2025-06-05 01:17:20] TLS encryption enabled successfully
[2025-06-05 01:17:20] SMTP EHLO response after TLS: 250-smtp.gmail.com at your service, [65.181.52.82]
[2025-06-05 01:17:20] SMTP EHLO response after TLS: 250-SIZE 35882577
[2025-06-05 01:17:20] SMTP EHLO response after TLS: 250-8BITMIME
[2025-06-05 01:17:20] SMTP EHLO response after TLS: 250-AUTH LOGIN PLAIN XOAUTH2 PLAIN-CLIENTTOKEN OAUTHBEARER XOAUTH
[2025-06-05 01:17:20] SMTP EHLO response after TLS: 250-ENHANCEDSTATUSCODES
[2025-06-05 01:17:20] SMTP EHLO response after TLS: 250-PIPELINING
[2025-06-05 01:17:20] SMTP EHLO response after TLS: 250-CHUNKING
[2025-06-05 01:17:20] SMTP EHLO response after TLS: 250 SMTPUTF8
[2025-06-05 01:17:20] Starting SMTP authentication
[2025-06-05 01:17:20] SMTP AUTH response: 334 VXNlcm5hbWU6
[2025-06-05 01:17:20] SMTP Username response: 334 UGFzc3dvcmQ6
[2025-06-05 01:17:20] SMTP Password response: 534-5.7.9 Application-specific password required. For more information, go to
[2025-06-05 01:17:20] Password authentication failed: 534-5.7.9 Application-specific password required. For more information, go to
[2025-06-05 01:28:09] Test email requested
[2025-06-05 01:28:09] Test email settings: Array
(
    [smtp_host] => smtp.gmail.com
    [smtp_port] => 587
    [smtp_username] => michaelaverywilliams@gmail.com
    [smtp_password] => twxa flrg felm ifqo 
    [smtp_encryption] => tls
    [from_email] => service@fearlessgeekmedia.com
    [from_name] => Fearless Geek Media
)

[2025-06-05 01:28:09] Attempting to send test email to: service@fearlessgeekmedia.com
[2025-06-05 01:28:09] Testing SMTP connection to smtp.gmail.com:587
[2025-06-05 01:28:09] SMTP connection established
[2025-06-05 01:28:09] SMTP Server response: 220 smtp.gmail.com ESMTP d9443c01a7336-23506bd90ebsm110076885ad.75 - gsmtp
[2025-06-05 01:28:10] SMTP EHLO response line: 250-smtp.gmail.com at your service, [65.181.52.82]
[2025-06-05 01:28:10] SMTP EHLO response line: 250-SIZE 35882577
[2025-06-05 01:28:10] SMTP EHLO response line: 250-8BITMIME
[2025-06-05 01:28:10] SMTP EHLO response line: 250-STARTTLS
[2025-06-05 01:28:10] SMTP EHLO response line: 250-ENHANCEDSTATUSCODES
[2025-06-05 01:28:10] SMTP EHLO response line: 250-PIPELINING
[2025-06-05 01:28:10] SMTP EHLO response line: 250-CHUNKING
[2025-06-05 01:28:10] SMTP EHLO response line: 250 SMTPUTF8
[2025-06-05 01:28:10] Starting TLS encryption
[2025-06-05 01:28:10] SMTP STARTTLS response line: 220 2.0.0 Ready to start TLS
[2025-06-05 01:28:10] Enabling TLS on existing connection
[2025-06-05 01:28:10] TLS encryption enabled successfully
[2025-06-05 01:28:10] SMTP EHLO response after TLS: 250-smtp.gmail.com at your service, [65.181.52.82]
[2025-06-05 01:28:10] SMTP EHLO response after TLS: 250-SIZE 35882577
[2025-06-05 01:28:10] SMTP EHLO response after TLS: 250-8BITMIME
[2025-06-05 01:28:10] SMTP EHLO response after TLS: 250-AUTH LOGIN PLAIN XOAUTH2 PLAIN-CLIENTTOKEN OAUTHBEARER XOAUTH
[2025-06-05 01:28:10] SMTP EHLO response after TLS: 250-ENHANCEDSTATUSCODES
[2025-06-05 01:28:10] SMTP EHLO response after TLS: 250-PIPELINING
[2025-06-05 01:28:10] SMTP EHLO response after TLS: 250-CHUNKING
[2025-06-05 01:28:10] SMTP EHLO response after TLS: 250 SMTPUTF8
[2025-06-05 01:28:10] Starting SMTP authentication
[2025-06-05 01:28:10] SMTP AUTH response: 334 VXNlcm5hbWU6
[2025-06-05 01:28:10] SMTP Username response: 334 UGFzc3dvcmQ6
[2025-06-05 01:28:11] SMTP Password response: 235 2.7.0 Accepted
[2025-06-05 01:28:11] SMTP Authentication successful
[2025-06-05 01:28:11] SMTP MAIL FROM response: 250 2.1.0 OK d9443c01a7336-23506bd90ebsm110076885ad.75 - gsmtp
[2025-06-05 01:28:11] SMTP RCPT TO response: 250 2.1.5 OK d9443c01a7336-23506bd90ebsm110076885ad.75 - gsmtp
[2025-06-05 01:28:11] SMTP DATA response: 354 Go ahead d9443c01a7336-23506bd90ebsm110076885ad.75 - gsmtp
[2025-06-05 01:28:12] SMTP Message send response: 250 2.0.0 OK  1749086892 d9443c01a7336-23506bd90ebsm110076885ad.75 - gsmtp
[2025-06-05 01:28:12] Test email sent successfully to: service@fearlessgeekmedia.com
[2025-06-05 01:29:40] Form submission handler called
[2025-06-05 01:29:40] Not a POST request
[2025-06-05 01:29:41] Form submission handler called
[2025-06-05 01:29:41] Not a POST request
[2025-06-05 01:30:01] Form submission handler called
[2025-06-05 01:30:01] Processing form submission for form ID: form_6840d43e84989
[2025-06-05 01:30:01] Form data loaded: Array
(
    [id] => form_6840d43e84989
    [title] => Form
    [description] => A form
    [email_recipients] => Array
        (
            [0] => service@fearlessgeekmedia.com
        )

    [email_from] => service@fearlessgeekmedia.com
    [fields] => Array
        (
            [0] => Array
                (
                    [id] => field_0
                    [label] => test input
                    [type] => text
                    [required] => 
                    [options] => 
                )

            [1] => Array
                (
                    [id] => field_1
                    [label] => test e-mail
                    [type] => email
                    [required] => 
                    [options] => 
                )

            [2] => Array
                (
                    [id] => field_2
                    [label] => test message
                    [type] => textarea
                    [required] => 
                    [options] => 
                )

        )

)

[2025-06-05 01:30:01] Plugin settings loaded: Array
(
    [smtp_host] => smtp.gmail.com
    [smtp_port] => 587
    [smtp_username] => michaelaverywilliams@gmail.com
    [smtp_password] => twxa flrg felm ifqo 
    [smtp_encryption] => tls
    [from_email] => service@fearlessgeekmedia.com
    [from_name] => Fearless Geek Media
)

[2025-06-05 01:30:01] Email message prepared: New form submission from Form

Submitted on: 2025-06-05 01:30:01

test input: This is test input
test e-mail: someone@something.com
test message: This is a test message

[2025-06-05 01:30:01] Email recipients found: Array
(
    [0] => service@fearlessgeekmedia.com
)

[2025-06-05 01:30:01] Attempting SMTP connection to smtp.gmail.com:587
[2025-06-05 01:30:01] SMTP Server response: 220 smtp.gmail.com ESMTP d2e1a72fcca58-747afeab33dsm11704502b3a.41 - gsmtp
[2025-06-05 01:30:02] SMTP EHLO response: 250-smtp.gmail.com at your service, [65.181.52.82]
[2025-06-05 01:30:02] SMTP STARTTLS response: 250-SIZE 35882577
[2025-06-05 01:30:02] SMTP AUTH response: 250-8BITMIME
[2025-06-05 01:30:02] SMTP Username response: 250-STARTTLS
[2025-06-05 01:30:02] SMTP Password response: 250-ENHANCEDSTATUSCODES
[2025-06-05 01:30:02] SMTP MAIL FROM response: 250-PIPELINING
[2025-06-05 01:30:02] SMTP RCPT TO response for service@fearlessgeekmedia.com: 250-CHUNKING
[2025-06-05 01:30:02] SMTP DATA response: 250 SMTPUTF8
[2025-06-05 01:30:02] SMTP Message send response: .0.0 Ready to start TLS
[2025-06-05 01:30:02] SMTP connection closed
[2025-06-05 01:30:02] Form submission handler called
[2025-06-05 01:30:02] Not a POST request
[2025-06-05 01:31:40] Form submission handler called
[2025-06-05 01:31:40] Not a POST request
[2025-06-05 01:32:01] Form submission handler called
[2025-06-05 01:32:01] Processing form submission for form ID: form_6840d43e84989
[2025-06-05 01:32:01] Form data loaded: Array
(
    [id] => form_6840d43e84989
    [title] => Form
    [description] => A form
    [email_recipients] => Array
        (
            [0] => service@fearlessgeekmedia.com
        )

    [email_from] => service@fearlessgeekmedia.com
    [fields] => Array
        (
            [0] => Array
                (
                    [id] => field_0
                    [label] => test input
                    [type] => text
                    [required] => 
                    [options] => 
                )

            [1] => Array
                (
                    [id] => field_1
                    [label] => test e-mail
                    [type] => email
                    [required] => 
                    [options] => 
                )

            [2] => Array
                (
                    [id] => field_2
                    [label] => test message
                    [type] => textarea
                    [required] => 
                    [options] => 
                )

        )

)

[2025-06-05 01:32:01] Plugin settings loaded: Array
(
    [smtp_host] => smtp.gmail.com
    [smtp_port] => 587
    [smtp_username] => michaelaverywilliams@gmail.com
    [smtp_password] => twxa flrg felm ifqo 
    [smtp_encryption] => tls
    [from_email] => service@fearlessgeekmedia.com
    [from_name] => Fearless Geek Media
)

[2025-06-05 01:32:01] Email message prepared: New form submission from Form

Submitted on: 2025-06-05 01:32:01

test input: This is test input
test e-mail: linux@linux.org
test message: This is a test message

[2025-06-05 01:32:01] Email recipients found: Array
(
    [0] => service@fearlessgeekmedia.com
)

[2025-06-05 01:32:01] Attempting SMTP connection to smtp.gmail.com:587
[2025-06-05 01:32:01] SMTP connection established
[2025-06-05 01:32:01] SMTP Server response: 220 smtp.gmail.com ESMTP 98e67ed59e1d1-3132bff67a0sm334044a91.10 - gsmtp
[2025-06-05 01:32:01] SMTP EHLO response line: 250-smtp.gmail.com at your service, [65.181.52.82]
[2025-06-05 01:32:01] SMTP EHLO response line: 250-SIZE 35882577
[2025-06-05 01:32:01] SMTP EHLO response line: 250-8BITMIME
[2025-06-05 01:32:01] SMTP EHLO response line: 250-STARTTLS
[2025-06-05 01:32:01] SMTP EHLO response line: 250-ENHANCEDSTATUSCODES
[2025-06-05 01:32:01] SMTP EHLO response line: 250-PIPELINING
[2025-06-05 01:32:01] SMTP EHLO response line: 250-CHUNKING
[2025-06-05 01:32:01] SMTP EHLO response line: 250 SMTPUTF8
[2025-06-05 01:32:01] Starting TLS encryption
[2025-06-05 01:32:01] SMTP STARTTLS response line: 220 2.0.0 Ready to start TLS
[2025-06-05 01:32:01] Enabling TLS on existing connection
[2025-06-05 01:32:01] TLS encryption enabled successfully
[2025-06-05 01:32:01] SMTP EHLO response after TLS: 250-smtp.gmail.com at your service, [65.181.52.82]
[2025-06-05 01:32:01] SMTP EHLO response after TLS: 250-SIZE 35882577
[2025-06-05 01:32:01] SMTP EHLO response after TLS: 250-8BITMIME
[2025-06-05 01:32:01] SMTP EHLO response after TLS: 250-AUTH LOGIN PLAIN XOAUTH2 PLAIN-CLIENTTOKEN OAUTHBEARER XOAUTH
[2025-06-05 01:32:01] SMTP EHLO response after TLS: 250-ENHANCEDSTATUSCODES
[2025-06-05 01:32:01] SMTP EHLO response after TLS: 250-PIPELINING
[2025-06-05 01:32:01] SMTP EHLO response after TLS: 250-CHUNKING
[2025-06-05 01:32:01] SMTP EHLO response after TLS: 250 SMTPUTF8
[2025-06-05 01:32:01] Starting SMTP authentication
[2025-06-05 01:32:01] SMTP AUTH response: 334 VXNlcm5hbWU6
[2025-06-05 01:32:01] SMTP Username response: 334 UGFzc3dvcmQ6
[2025-06-05 01:32:02] SMTP Password response: 235 2.7.0 Accepted
[2025-06-05 01:32:02] SMTP Authentication successful
[2025-06-05 01:32:02] SMTP MAIL FROM response: 250 2.1.0 OK 98e67ed59e1d1-3132bff67a0sm334044a91.10 - gsmtp
[2025-06-05 01:32:02] SMTP RCPT TO response for service@fearlessgeekmedia.com: 250 2.1.5 OK 98e67ed59e1d1-3132bff67a0sm334044a91.10 - gsmtp
[2025-06-05 01:32:02] SMTP DATA response: 354 Go ahead 98e67ed59e1d1-3132bff67a0sm334044a91.10 - gsmtp
[2025-06-05 01:32:02] SMTP Message send response: 250 2.0.0 OK  1749087122 98e67ed59e1d1-3132bff67a0sm334044a91.10 - gsmtp
[2025-06-05 01:32:02] SMTP connection closed
[2025-06-05 01:32:02] Form submission handler called
[2025-06-05 01:32:02] Not a POST request
[2025-06-05 01:36:08] Form submission handler called
[2025-06-05 01:36:08] Not a POST request
[2025-06-05 01:36:12] Form submission handler called
[2025-06-05 01:36:12] Not a POST request
[2025-06-05 01:51:33] Form submission handler called
[2025-06-05 01:51:33] Processing form submission for form ID: form_6840d43e84989
[2025-06-05 01:51:33] Form data loaded: Array
(
    [id] => form_6840d43e84989
    [title] => Form
    [description] => A form
    [email_recipients] => Array
        (
            [0] => service@fearlessgeekmedia.com
        )

    [email_from] => service@fearlessgeekmedia.com
    [fields] => Array
        (
            [0] => Array
                (
                    [id] => field_0
                    [label] => test input
                    [type] => text
                    [required] => 
                    [options] => 
                )

            [1] => Array
                (
                    [id] => field_1
                    [label] => test e-mail
                    [type] => email
                    [required] => 
                    [options] => 
                )

            [2] => Array
                (
                    [id] => field_2
                    [label] => test message
                    [type] => textarea
                    [required] => 
                    [options] => 
                )

        )

)

[2025-06-05 01:51:33] Plugin settings loaded: Array
(
    [smtp_host] => smtp.gmail.com
    [smtp_port] => 587
    [smtp_username] => michaelaverywilliams@gmail.com
    [smtp_password] => twxa flrg felm ifqo 
    [smtp_encryption] => tls
    [from_email] => service@fearlessgeekmedia.com
    [from_name] => Fearless Geek Media
)

[2025-06-05 01:51:33] Email message prepared: New form submission from Form

Submitted on: 2025-06-05 01:51:33

test input: This is another test
test e-mail: test@test.com
test message: This is a test

[2025-06-05 01:51:33] Email recipients found: Array
(
    [0] => service@fearlessgeekmedia.com
)

[2025-06-05 01:51:33] Attempting SMTP connection to smtp.gmail.com:587
[2025-06-05 01:51:33] SMTP connection established
[2025-06-05 01:51:33] SMTP Server response: 220 smtp.gmail.com ESMTP d2e1a72fcca58-747afff725asm12209035b3a.172 - gsmtp
[2025-06-05 01:51:34] SMTP EHLO response line: 250-smtp.gmail.com at your service, [65.181.52.82]
[2025-06-05 01:51:34] SMTP EHLO response line: 250-SIZE 35882577
[2025-06-05 01:51:34] SMTP EHLO response line: 250-8BITMIME
[2025-06-05 01:51:34] SMTP EHLO response line: 250-STARTTLS
[2025-06-05 01:51:34] SMTP EHLO response line: 250-ENHANCEDSTATUSCODES
[2025-06-05 01:51:34] SMTP EHLO response line: 250-PIPELINING
[2025-06-05 01:51:34] SMTP EHLO response line: 250-CHUNKING
[2025-06-05 01:51:34] SMTP EHLO response line: 250 SMTPUTF8
[2025-06-05 01:51:34] Starting TLS encryption
[2025-06-05 01:51:34] SMTP STARTTLS response line: 220 2.0.0 Ready to start TLS
[2025-06-05 01:51:34] Enabling TLS on existing connection
[2025-06-05 01:51:34] TLS encryption enabled successfully
[2025-06-05 01:51:34] SMTP EHLO response after TLS: 250-smtp.gmail.com at your service, [65.181.52.82]
[2025-06-05 01:51:34] SMTP EHLO response after TLS: 250-SIZE 35882577
[2025-06-05 01:51:34] SMTP EHLO response after TLS: 250-8BITMIME
[2025-06-05 01:51:34] SMTP EHLO response after TLS: 250-AUTH LOGIN PLAIN XOAUTH2 PLAIN-CLIENTTOKEN OAUTHBEARER XOAUTH
[2025-06-05 01:51:34] SMTP EHLO response after TLS: 250-ENHANCEDSTATUSCODES
[2025-06-05 01:51:34] SMTP EHLO response after TLS: 250-PIPELINING
[2025-06-05 01:51:34] SMTP EHLO response after TLS: 250-CHUNKING
[2025-06-05 01:51:34] SMTP EHLO response after TLS: 250 SMTPUTF8
[2025-06-05 01:51:34] Starting SMTP authentication
[2025-06-05 01:51:34] SMTP AUTH response: 334 VXNlcm5hbWU6
[2025-06-05 01:51:34] SMTP Username response: 334 UGFzc3dvcmQ6
[2025-06-05 01:51:34] SMTP Password response: 235 2.7.0 Accepted
[2025-06-05 01:51:34] SMTP Authentication successful
[2025-06-05 01:51:34] SMTP MAIL FROM response: 250 2.1.0 OK d2e1a72fcca58-747afff725asm12209035b3a.172 - gsmtp
[2025-06-05 01:51:34] SMTP RCPT TO response for service@fearlessgeekmedia.com: 250 2.1.5 OK d2e1a72fcca58-747afff725asm12209035b3a.172 - gsmtp
[2025-06-05 01:51:34] SMTP DATA response: 354 Go ahead d2e1a72fcca58-747afff725asm12209035b3a.172 - gsmtp
[2025-06-05 01:51:35] SMTP Message send response: 250 2.0.0 OK  1749088295 d2e1a72fcca58-747afff725asm12209035b3a.172 - gsmtp
[2025-06-05 01:51:35] SMTP connection closed
[2025-06-05 01:51:35] Form submission handler called
[2025-06-05 01:51:35] Not a POST request
[2025-06-05 01:51:43] Form submission handler called
[2025-06-05 01:51:43] Processing form submission for form ID: form_6840d43e84989
[2025-06-05 01:51:43] Form data loaded: Array
(
    [id] => form_6840d43e84989
    [title] => Form
    [description] => A form
    [email_recipients] => Array
        (
            [0] => service@fearlessgeekmedia.com
        )

    [email_from] => service@fearlessgeekmedia.com
    [fields] => Array
        (
            [0] => Array
                (
                    [id] => field_0
                    [label] => test input
                    [type] => text
                    [required] => 
                    [options] => 
                )

            [1] => Array
                (
                    [id] => field_1
                    [label] => test e-mail
                    [type] => email
                    [required] => 
                    [options] => 
                )

            [2] => Array
                (
                    [id] => field_2
                    [label] => test message
                    [type] => textarea
                    [required] => 
                    [options] => 
                )

        )

)

[2025-06-05 01:51:43] Plugin settings loaded: Array
(
    [smtp_host] => smtp.gmail.com
    [smtp_port] => 587
    [smtp_username] => michaelaverywilliams@gmail.com
    [smtp_password] => twxa flrg felm ifqo 
    [smtp_encryption] => tls
    [from_email] => service@fearlessgeekmedia.com
    [from_name] => Fearless Geek Media
)

[2025-06-05 01:51:43] Email message prepared: New form submission from Form

Submitted on: 2025-06-05 01:51:43

test input: 
test e-mail: 
test message: 

[2025-06-05 01:51:43] Email recipients found: Array
(
    [0] => service@fearlessgeekmedia.com
)

[2025-06-05 01:51:43] Attempting SMTP connection to smtp.gmail.com:587
[2025-06-05 01:51:43] SMTP connection established
[2025-06-05 01:51:43] SMTP Server response: 220 smtp.gmail.com ESMTP 98e67ed59e1d1-3132bef5f3csm364156a91.0 - gsmtp
[2025-06-05 01:51:44] SMTP EHLO response line: 250-smtp.gmail.com at your service, [65.181.52.82]
[2025-06-05 01:51:44] SMTP EHLO response line: 250-SIZE 35882577
[2025-06-05 01:51:44] SMTP EHLO response line: 250-8BITMIME
[2025-06-05 01:51:44] SMTP EHLO response line: 250-STARTTLS
[2025-06-05 01:51:44] SMTP EHLO response line: 250-ENHANCEDSTATUSCODES
[2025-06-05 01:51:44] SMTP EHLO response line: 250-PIPELINING
[2025-06-05 01:51:44] SMTP EHLO response line: 250-CHUNKING
[2025-06-05 01:51:44] SMTP EHLO response line: 250 SMTPUTF8
[2025-06-05 01:51:44] Starting TLS encryption
[2025-06-05 01:51:44] SMTP STARTTLS response line: 220 2.0.0 Ready to start TLS
[2025-06-05 01:51:44] Enabling TLS on existing connection
[2025-06-05 01:51:44] TLS encryption enabled successfully
[2025-06-05 01:51:44] SMTP EHLO response after TLS: 250-smtp.gmail.com at your service, [65.181.52.82]
[2025-06-05 01:51:44] SMTP EHLO response after TLS: 250-SIZE 35882577
[2025-06-05 01:51:44] SMTP EHLO response after TLS: 250-8BITMIME
[2025-06-05 01:51:44] SMTP EHLO response after TLS: 250-AUTH LOGIN PLAIN XOAUTH2 PLAIN-CLIENTTOKEN OAUTHBEARER XOAUTH
[2025-06-05 01:51:44] SMTP EHLO response after TLS: 250-ENHANCEDSTATUSCODES
[2025-06-05 01:51:44] SMTP EHLO response after TLS: 250-PIPELINING
[2025-06-05 01:51:44] SMTP EHLO response after TLS: 250-CHUNKING
[2025-06-05 01:51:44] SMTP EHLO response after TLS: 250 SMTPUTF8
[2025-06-05 01:51:44] Starting SMTP authentication
[2025-06-05 01:51:44] SMTP AUTH response: 334 VXNlcm5hbWU6
[2025-06-05 01:51:44] SMTP Username response: 334 UGFzc3dvcmQ6
[2025-06-05 01:51:44] SMTP Password response: 235 2.7.0 Accepted
[2025-06-05 01:51:44] SMTP Authentication successful
[2025-06-05 01:51:44] SMTP MAIL FROM response: 250 2.1.0 OK 98e67ed59e1d1-3132bef5f3csm364156a91.0 - gsmtp
[2025-06-05 01:51:44] SMTP RCPT TO response for service@fearlessgeekmedia.com: 250 2.1.5 OK 98e67ed59e1d1-3132bef5f3csm364156a91.0 - gsmtp
[2025-06-05 01:51:45] SMTP DATA response: 354 Go ahead 98e67ed59e1d1-3132bef5f3csm364156a91.0 - gsmtp
[2025-06-05 01:51:45] SMTP Message send response: 250 2.0.0 OK  1749088305 98e67ed59e1d1-3132bef5f3csm364156a91.0 - gsmtp
[2025-06-05 01:51:45] SMTP connection closed
[2025-06-05 01:51:45] Form submission handler called
[2025-06-05 01:51:45] Not a POST request
[2025-06-05 01:52:23] Form submission handler called
[2025-06-05 01:52:23] Processing form submission for form ID: form_6840d43e84989
[2025-06-05 01:52:23] Form data loaded: Array
(
    [id] => form_6840d43e84989
    [title] => Form
    [description] => A form
    [email_recipients] => Array
        (
            [0] => service@fearlessgeekmedia.com
        )

    [email_from] => service@fearlessgeekmedia.com
    [fields] => Array
        (
            [0] => Array
                (
                    [id] => field_0
                    [label] => test input
                    [type] => text
                    [required] => 
                    [options] => 
                )

            [1] => Array
                (
                    [id] => field_1
                    [label] => test e-mail
                    [type] => email
                    [required] => 
                    [options] => 
                )

            [2] => Array
                (
                    [id] => field_2
                    [label] => test message
                    [type] => textarea
                    [required] => 
                    [options] => 
                )

        )

)

[2025-06-05 01:52:23] Plugin settings loaded: Array
(
    [smtp_host] => smtp.gmail.com
    [smtp_port] => 587
    [smtp_username] => michaelaverywilliams@gmail.com
    [smtp_password] => twxa flrg felm ifqo 
    [smtp_encryption] => tls
    [from_email] => service@fearlessgeekmedia.com
    [from_name] => Fearless Geek Media
)

[2025-06-05 01:52:23] Email message prepared: New form submission from Form

Submitted on: 2025-06-05 01:52:23

test input: Is there a success message?
test e-mail: success@fearlessgeekmedia.com
test message: Is there a success message?

[2025-06-05 01:52:23] Email recipients found: Array
(
    [0] => service@fearlessgeekmedia.com
)

[2025-06-05 01:52:23] Attempting SMTP connection to smtp.gmail.com:587
[2025-06-05 01:52:23] SMTP connection established
[2025-06-05 01:52:23] SMTP Server response: 220 smtp.gmail.com ESMTP d2e1a72fcca58-747affafaebsm11827418b3a.87 - gsmtp
[2025-06-05 01:52:23] SMTP EHLO response line: 250-smtp.gmail.com at your service, [65.181.52.82]
[2025-06-05 01:52:23] SMTP EHLO response line: 250-SIZE 35882577
[2025-06-05 01:52:23] SMTP EHLO response line: 250-8BITMIME
[2025-06-05 01:52:23] SMTP EHLO response line: 250-STARTTLS
[2025-06-05 01:52:23] SMTP EHLO response line: 250-ENHANCEDSTATUSCODES
[2025-06-05 01:52:23] SMTP EHLO response line: 250-PIPELINING
[2025-06-05 01:52:23] SMTP EHLO response line: 250-CHUNKING
[2025-06-05 01:52:23] SMTP EHLO response line: 250 SMTPUTF8
[2025-06-05 01:52:23] Starting TLS encryption
[2025-06-05 01:52:23] SMTP STARTTLS response line: 220 2.0.0 Ready to start TLS
[2025-06-05 01:52:23] Enabling TLS on existing connection
[2025-06-05 01:52:23] TLS encryption enabled successfully
[2025-06-05 01:52:23] SMTP EHLO response after TLS: 250-smtp.gmail.com at your service, [65.181.52.82]
[2025-06-05 01:52:23] SMTP EHLO response after TLS: 250-SIZE 35882577
[2025-06-05 01:52:23] SMTP EHLO response after TLS: 250-8BITMIME
[2025-06-05 01:52:23] SMTP EHLO response after TLS: 250-AUTH LOGIN PLAIN XOAUTH2 PLAIN-CLIENTTOKEN OAUTHBEARER XOAUTH
[2025-06-05 01:52:23] SMTP EHLO response after TLS: 250-ENHANCEDSTATUSCODES
[2025-06-05 01:52:23] SMTP EHLO response after TLS: 250-PIPELINING
[2025-06-05 01:52:23] SMTP EHLO response after TLS: 250-CHUNKING
[2025-06-05 01:52:23] SMTP EHLO response after TLS: 250 SMTPUTF8
[2025-06-05 01:52:23] Starting SMTP authentication
[2025-06-05 01:52:23] SMTP AUTH response: 334 VXNlcm5hbWU6
[2025-06-05 01:52:23] SMTP Username response: 334 UGFzc3dvcmQ6
[2025-06-05 01:52:23] SMTP Password response: 235 2.7.0 Accepted
[2025-06-05 01:52:23] SMTP Authentication successful
[2025-06-05 01:52:23] SMTP MAIL FROM response: 250 2.1.0 OK d2e1a72fcca58-747affafaebsm11827418b3a.87 - gsmtp
[2025-06-05 01:52:24] SMTP RCPT TO response for service@fearlessgeekmedia.com: 250 2.1.5 OK d2e1a72fcca58-747affafaebsm11827418b3a.87 - gsmtp
[2025-06-05 01:52:24] SMTP DATA response: 354 Go ahead d2e1a72fcca58-747affafaebsm11827418b3a.87 - gsmtp
[2025-06-05 01:52:24] SMTP Message send response: 250 2.0.0 OK  1749088344 d2e1a72fcca58-747affafaebsm11827418b3a.87 - gsmtp
[2025-06-05 01:52:24] SMTP connection closed
[2025-06-05 01:52:24] Form submission handler called
[2025-06-05 01:52:24] Not a POST request
[2025-06-05 01:53:27] Form submission handler called
[2025-06-05 01:53:27] Not a POST request
[2025-06-05 01:53:47] Form submission handler called
[2025-06-05 01:53:47] Processing form submission for form ID: form_6840d43e84989
[2025-06-05 01:53:47] Form data loaded: Array
(
    [id] => form_6840d43e84989
    [title] => Form
    [description] => A form
    [email_recipients] => Array
        (
            [0] => service@fearlessgeekmedia.com
        )

    [email_from] => service@fearlessgeekmedia.com
    [fields] => Array
        (
            [0] => Array
                (
                    [id] => field_0
                    [label] => test input
                    [type] => text
                    [required] => 
                    [options] => 
                )

            [1] => Array
                (
                    [id] => field_1
                    [label] => test e-mail
                    [type] => email
                    [required] => 
                    [options] => 
                )

            [2] => Array
                (
                    [id] => field_2
                    [label] => test message
                    [type] => textarea
                    [required] => 
                    [options] => 
                )

        )

)

[2025-06-05 01:53:47] Plugin settings loaded: Array
(
    [smtp_host] => smtp.gmail.com
    [smtp_port] => 587
    [smtp_username] => michaelaverywilliams@gmail.com
    [smtp_password] => twxa flrg felm ifqo 
    [smtp_encryption] => tls
    [from_email] => service@fearlessgeekmedia.com
    [from_name] => Fearless Geek Media
)

[2025-06-05 01:53:47] Email message prepared: New form submission from Form

Submitted on: 2025-06-05 01:53:47

test input: testing 
test e-mail: test@test.com
test message: testing

[2025-06-05 01:53:47] Email recipients found: Array
(
    [0] => service@fearlessgeekmedia.com
)

[2025-06-05 01:53:47] Attempting SMTP connection to smtp.gmail.com:587
[2025-06-05 01:53:47] SMTP connection established
[2025-06-05 01:53:48] SMTP Server response: 220 smtp.gmail.com ESMTP d9443c01a7336-235e98bd088sm12401005ad.154 - gsmtp
[2025-06-05 01:53:48] SMTP EHLO response line: 250-smtp.gmail.com at your service, [65.181.52.82]
[2025-06-05 01:53:48] SMTP EHLO response line: 250-SIZE 35882577
[2025-06-05 01:53:48] SMTP EHLO response line: 250-8BITMIME
[2025-06-05 01:53:48] SMTP EHLO response line: 250-STARTTLS
[2025-06-05 01:53:48] SMTP EHLO response line: 250-ENHANCEDSTATUSCODES
[2025-06-05 01:53:48] SMTP EHLO response line: 250-PIPELINING
[2025-06-05 01:53:48] SMTP EHLO response line: 250-CHUNKING
[2025-06-05 01:53:48] SMTP EHLO response line: 250 SMTPUTF8
[2025-06-05 01:53:48] Starting TLS encryption
[2025-06-05 01:53:48] SMTP STARTTLS response line: 220 2.0.0 Ready to start TLS
[2025-06-05 01:53:48] Enabling TLS on existing connection
[2025-06-05 01:53:48] TLS encryption enabled successfully
[2025-06-05 01:53:48] SMTP EHLO response after TLS: 250-smtp.gmail.com at your service, [65.181.52.82]
[2025-06-05 01:53:48] SMTP EHLO response after TLS: 250-SIZE 35882577
[2025-06-05 01:53:48] SMTP EHLO response after TLS: 250-8BITMIME
[2025-06-05 01:53:48] SMTP EHLO response after TLS: 250-AUTH LOGIN PLAIN XOAUTH2 PLAIN-CLIENTTOKEN OAUTHBEARER XOAUTH
[2025-06-05 01:53:48] SMTP EHLO response after TLS: 250-ENHANCEDSTATUSCODES
[2025-06-05 01:53:48] SMTP EHLO response after TLS: 250-PIPELINING
[2025-06-05 01:53:48] SMTP EHLO response after TLS: 250-CHUNKING
[2025-06-05 01:53:48] SMTP EHLO response after TLS: 250 SMTPUTF8
[2025-06-05 01:53:48] Starting SMTP authentication
[2025-06-05 01:53:48] SMTP AUTH response: 334 VXNlcm5hbWU6
[2025-06-05 01:53:49] SMTP Username response: 334 UGFzc3dvcmQ6
[2025-06-05 01:53:49] SMTP Password response: 235 2.7.0 Accepted
[2025-06-05 01:53:49] SMTP Authentication successful
[2025-06-05 01:53:49] SMTP MAIL FROM response: 250 2.1.0 OK d9443c01a7336-235e98bd088sm12401005ad.154 - gsmtp
[2025-06-05 01:53:49] SMTP RCPT TO response for service@fearlessgeekmedia.com: 250 2.1.5 OK d9443c01a7336-235e98bd088sm12401005ad.154 - gsmtp
[2025-06-05 01:53:49] SMTP DATA response: 354 Go ahead d9443c01a7336-235e98bd088sm12401005ad.154 - gsmtp
[2025-06-05 01:53:50] SMTP Message send response: 250 2.0.0 OK  1749088429 d9443c01a7336-235e98bd088sm12401005ad.154 - gsmtp
[2025-06-05 01:53:50] SMTP connection closed
[2025-06-05 01:53:50] Form submission handler called
[2025-06-05 01:53:50] Not a POST request
[2025-06-05 01:56:11] Form submission handler called
[2025-06-05 01:56:11] Not a POST request
[2025-06-05 01:56:12] Form submission handler called
[2025-06-05 01:56:12] Not a POST request
[2025-06-17 17:00:24] Form submission handler called
[2025-06-17 17:00:24] Not a POST request
[2025-06-17 17:00:33] Form submission handler called
[2025-06-17 17:00:33] Not a POST request
[2025-06-17 17:00:44] Form submission handler called
[2025-06-17 17:00:44] Not a POST request
[2025-06-17 17:02:51] Form submission handler called
[2025-06-17 17:02:51] Not a POST request
[2025-06-17 17:16:46] Form submission handler called
[2025-06-17 17:16:46] Not a POST request
[2025-06-17 17:18:49] Form submission handler called
[2025-06-17 17:18:49] Not a POST request
[2025-06-17 17:19:49] Form submission handler called
[2025-06-17 17:19:49] Not a POST request
[2025-06-17 17:28:34] Form submission handler called
[2025-06-17 17:28:34] Not a POST request
[2025-06-17 17:37:24] Form submission handler called
[2025-06-17 17:37:24] Not a POST request
[2025-06-17 17:42:06] Form submission handler called
[2025-06-17 17:42:06] Not a POST request
[2025-06-17 17:43:06] Form submission handler called
[2025-06-17 17:43:06] Not a POST request
[2025-06-17 17:43:37] Form submission handler called
[2025-06-17 17:43:37] Not a POST request
[2025-06-17 17:46:03] Form submission handler called
[2025-06-17 17:46:03] Not a POST request
[2025-06-17 17:52:17] Form submission handler called
[2025-06-17 17:52:17] Not a POST request
[2025-06-17 17:52:31] Form submission handler called
[2025-06-17 17:52:31] Not a POST request
[2025-06-17 17:52:51] Form submission handler called
[2025-06-17 17:52:51] Not a POST request
[2025-06-17 17:53:10] Form submission handler called
[2025-06-17 17:53:10] Not a POST request
[2025-06-17 17:53:20] Form submission handler called
[2025-06-17 17:53:20] Not a POST request
[2025-06-17 17:53:20] Form submission handler called
[2025-06-17 17:53:20] Not a POST request
[2025-06-17 17:55:04] Form submission handler called
[2025-06-17 17:55:04] Not a POST request
[2025-06-17 17:55:04] Form submission handler called
[2025-06-17 17:55:04] Not a POST request
[2025-06-17 17:55:35] Form submission handler called
[2025-06-17 17:55:35] Not a POST request
[2025-06-17 17:55:35] Form submission handler called
[2025-06-17 17:55:35] Not a POST request
[2025-06-17 17:55:39] Form submission handler called
[2025-06-17 17:55:39] Not a POST request
[2025-06-17 17:55:39] Form submission handler called
[2025-06-17 17:55:39] Not a POST request
[2025-06-17 17:55:47] Form submission handler called
[2025-06-17 17:55:47] Not a POST request
[2025-06-17 17:55:47] Form submission handler called
[2025-06-17 17:55:47] Not a POST request
[2025-06-17 17:55:57] Form submission handler called
[2025-06-17 17:55:57] Not a POST request
[2025-06-17 17:55:57] Form submission handler called
[2025-06-17 17:55:57] Not a POST request
[2025-06-17 17:56:03] Form submission handler called
[2025-06-17 17:56:03] Not a POST request
[2025-06-17 17:56:03] Form submission handler called
[2025-06-17 17:56:03] Not a POST request
[2025-06-17 17:56:03] Form submission handler called
[2025-06-17 17:56:03] Not a POST request
[2025-06-17 18:28:34] Form submission handler called
[2025-06-17 18:28:34] Not a POST request
[2025-06-17 18:28:34] Form submission handler called
[2025-06-17 18:28:34] Not a POST request
[2025-06-17 18:28:44] Form submission handler called
[2025-06-17 18:28:44] Not a POST request
[2025-06-17 18:28:44] Form submission handler called
[2025-06-17 18:28:44] Not a POST request
[2025-06-17 18:28:55] Form submission handler called
[2025-06-17 18:28:55] Not a POST request
[2025-06-17 18:28:55] Form submission handler called
[2025-06-17 18:28:55] Not a POST request
[2025-06-17 18:29:24] Form submission handler called
[2025-06-17 18:29:24] Not a POST request
[2025-06-17 18:29:24] Form submission handler called
[2025-06-17 18:29:24] Not a POST request
[2025-06-17 18:29:34] Form submission handler called
[2025-06-17 18:29:34] Not a POST request
[2025-06-17 18:29:34] Form submission handler called
[2025-06-17 18:29:34] Not a POST request
[2025-06-17 18:29:37] Form submission handler called
[2025-06-17 18:29:37] Not a POST request
[2025-06-17 18:29:37] Form submission handler called
[2025-06-17 18:29:37] Not a POST request
[2025-06-17 18:29:37] Form submission handler called
[2025-06-17 18:29:37] Not a POST request
[2025-06-17 18:30:49] Form submission handler called
[2025-06-17 18:30:49] Not a POST request
[2025-06-17 18:30:49] Form submission handler called
[2025-06-17 18:30:49] Not a POST request
[2025-06-17 18:35:44] Form submission handler called
[2025-06-17 18:35:44] Not a POST request
[2025-06-17 18:35:44] Form submission handler called
[2025-06-17 18:35:44] Not a POST request
[2025-06-17 18:37:10] Form submission handler called
[2025-06-17 18:37:10] Not a POST request
[2025-06-17 18:38:10] Form submission handler called
[2025-06-17 18:38:10] Not a POST request
[2025-06-17 18:38:15] Form submission handler called
[2025-06-17 18:38:15] Not a POST request
[2025-06-17 18:38:15] Form submission handler called
[2025-06-17 18:38:15] Not a POST request
[2025-06-17 18:38:15] Form submission handler called
[2025-06-17 18:38:15] Not a POST request
[2025-06-17 18:38:18] Form submission handler called
[2025-06-17 18:38:18] Not a POST request
[2025-06-17 18:38:21] Form submission handler called
[2025-06-17 18:38:21] Not a POST request
[2025-06-17 18:38:22] Form submission handler called
[2025-06-17 18:38:22] Not a POST request
[2025-06-17 18:38:22] Form submission handler called
[2025-06-17 18:38:22] Not a POST request
[2025-06-17 18:38:22] Form submission handler called
[2025-06-17 18:38:22] Not a POST request
[2025-06-17 18:38:23] Form submission handler called
[2025-06-17 18:38:23] Not a POST request
[2025-06-18 01:02:19] Form submission handler called
[2025-06-18 01:02:19] Not a POST request
[2025-06-18 01:02:39] Form submission handler called
[2025-06-18 01:02:39] Not a POST request
[2025-06-18 01:05:50] Form submission handler called
[2025-06-18 01:05:50] Not a POST request
[2025-06-18 01:05:50] Form submission handler called
[2025-06-18 01:05:50] Not a POST request
[2025-06-18 01:05:54] Form submission handler called
[2025-06-18 01:05:54] Not a POST request
[2025-06-18 01:05:55] Form submission handler called
[2025-06-18 01:05:55] Not a POST request
[2025-06-18 01:06:01] Form submission handler called
[2025-06-18 01:06:01] Not a POST request
[2025-06-18 01:26:04] Form submission handler called
[2025-06-18 01:26:04] Not a POST request
[2025-06-18 01:27:29] Form submission handler called
[2025-06-18 01:27:29] Not a POST request
[2025-06-18 01:32:55] Form submission handler called
[2025-06-18 01:32:55] Not a POST request
[2025-06-18 01:37:41] Form submission handler called
[2025-06-18 01:37:41] Not a POST request
[2025-06-18 01:41:04] Form submission handler called
[2025-06-18 01:41:04] Not a POST request
[2025-06-18 01:43:45] Form submission handler called
[2025-06-18 01:43:45] Not a POST request
[2025-06-18 01:47:26] Form submission handler called
[2025-06-18 01:47:26] Not a POST request
[2025-06-18 01:51:30] Form submission handler called
[2025-06-18 01:51:30] Not a POST request
[2025-06-18 01:52:13] Form submission handler called
[2025-06-18 01:52:13] Not a POST request
[2025-06-18 01:53:32] Form submission handler called
[2025-06-18 01:53:32] Not a POST request
[2025-06-18 01:57:02] Form submission handler called
[2025-06-18 01:57:02] Not a POST request
[2025-06-18 01:57:02] Form submission handler called
[2025-06-18 01:57:02] Not a POST request
[2025-06-18 01:57:06] Form submission handler called
[2025-06-18 01:57:06] Not a POST request
[2025-06-18 01:57:06] Form submission handler called
[2025-06-18 01:57:06] Not a POST request
[2025-06-18 01:57:46] Form submission handler called
[2025-06-18 01:57:46] Not a POST request
[2025-06-18 01:58:23] Form submission handler called
[2025-06-18 01:58:23] Not a POST request
[2025-06-18 02:00:06] Form submission handler called
[2025-06-18 02:00:06] Not a POST request
[2025-06-18 02:01:57] Form submission handler called
[2025-06-18 02:01:57] Not a POST request
[2025-06-18 02:04:09] Form submission handler called
[2025-06-18 02:04:09] Not a POST request
[2025-06-18 02:04:46] Form submission handler called
[2025-06-18 02:04:46] Not a POST request
[2025-06-18 02:05:29] Form submission handler called
[2025-06-18 02:05:29] Not a POST request
[2025-06-18 02:08:46] Form submission handler called
[2025-06-18 02:08:46] Not a POST request
[2025-06-18 02:10:41] Form submission handler called
[2025-06-18 02:10:41] Not a POST request
[2025-06-18 02:13:17] Form submission handler called
[2025-06-18 02:13:17] Not a POST request
[2025-06-18 02:13:37] Form submission handler called
[2025-06-18 02:13:37] Not a POST request
[2025-06-18 02:15:54] Form submission handler called
[2025-06-18 02:15:54] Not a POST request
[2025-06-18 02:17:17] Form submission handler called
[2025-06-18 02:17:17] Not a POST request
[2025-06-18 02:31:06] Form submission handler called
[2025-06-18 02:31:06] Not a POST request
[2025-06-18 02:31:09] Form submission handler called
[2025-06-18 02:31:09] Not a POST request
[2025-06-18 02:31:09] Form submission handler called
[2025-06-18 02:31:09] Not a POST request
[2025-06-18 02:31:11] Form submission handler called
[2025-06-18 02:31:11] Not a POST request
[2025-06-18 02:31:13] Form submission handler called
[2025-06-18 02:31:13] Not a POST request
[2025-06-18 02:31:15] Form submission handler called
[2025-06-18 02:31:15] Not a POST request
[2025-06-18 02:32:36] Form submission handler called
[2025-06-18 02:32:36] Not a POST request
[2025-06-18 02:32:36] Form submission handler called
[2025-06-18 02:32:36] Not a POST request
[2025-06-18 02:32:36] Form submission handler called
[2025-06-18 02:32:36] Not a POST request
[2025-06-18 02:32:44] Form submission handler called
[2025-06-18 02:32:44] Not a POST request
[2025-06-18 02:32:50] Form submission handler called
[2025-06-18 02:32:50] Not a POST request
[2025-06-18 02:32:52] Form submission handler called
[2025-06-18 02:32:52] Not a POST request
[2025-06-18 02:32:54] Form submission handler called
[2025-06-18 02:32:54] Not a POST request
[2025-06-18 02:32:54] Form submission handler called
[2025-06-18 02:32:54] Not a POST request
[2025-06-18 02:32:54] Form submission handler called
[2025-06-18 02:32:54] Not a POST request
[2025-06-18 02:33:06] Form submission handler called
[2025-06-18 02:33:06] Not a POST request
[2025-06-18 02:33:09] Form submission handler called
[2025-06-18 02:33:09] Not a POST request
[2025-06-18 02:33:10] Form submission handler called
[2025-06-18 02:33:10] Not a POST request
[2025-06-18 02:33:19] Form submission handler called
[2025-06-18 02:33:19] Not a POST request
[2025-06-18 02:33:26] Form submission handler called
[2025-06-18 02:33:26] Not a POST request
[2025-06-18 02:33:26] Form submission handler called
[2025-06-18 02:33:26] Not a POST request
[2025-06-18 02:33:26] Form submission handler called
[2025-06-18 02:33:26] Not a POST request
[2025-06-18 02:34:00] Form submission handler called
[2025-06-18 02:34:00] Not a POST request
[2025-06-18 02:34:09] Form submission handler called
[2025-06-18 02:34:09] Not a POST request
[2025-06-18 02:59:16] Form submission handler called
[2025-06-18 02:59:16] Not a POST request
[2025-06-18 03:09:12] Form submission handler called
[2025-06-18 03:09:12] Not a POST request
[2025-06-18 03:09:56] Form submission handler called
[2025-06-18 03:09:56] Not a POST request
[2025-06-18 03:13:03] Form submission handler called
[2025-06-18 03:13:03] Not a POST request
[2025-06-18 03:14:44] Form submission handler called
[2025-06-18 03:14:44] Not a POST request
[2025-06-18 04:53:49] Form submission handler called
[2025-06-18 04:53:49] Not a POST request
[2025-06-18 04:54:17] Form submission handler called
[2025-06-18 04:54:17] Not a POST request
[2025-06-18 04:54:18] Form submission handler called
[2025-06-18 04:54:18] Not a POST request
[2025-06-18 04:58:02] Form submission handler called
[2025-06-18 04:58:02] Not a POST request
[2025-06-18 04:58:03] Form submission handler called
[2025-06-18 04:58:03] Not a POST request
[2025-06-18 04:58:09] Form submission handler called
[2025-06-18 04:58:09] Not a POST request
[2025-06-18 04:58:14] Form submission handler called
[2025-06-18 04:58:14] Not a POST request
[2025-06-18 04:58:16] Form submission handler called
[2025-06-18 04:58:16] Not a POST request
[2025-06-18 04:58:22] Form submission handler called
[2025-06-18 04:58:22] Not a POST request
[2025-06-18 04:58:24] Form submission handler called
[2025-06-18 04:58:24] Not a POST request
[2025-06-18 04:58:26] Form submission handler called
[2025-06-18 04:58:26] Not a POST request
[2025-06-18 04:58:28] Form submission handler called
[2025-06-18 04:58:28] Not a POST request
[2025-06-18 04:58:34] Form submission handler called
[2025-06-18 04:58:34] Not a POST request
[2025-06-18 04:58:36] Form submission handler called
[2025-06-18 04:58:36] Not a POST request
[2025-06-18 04:58:59] Form submission handler called
[2025-06-18 04:58:59] Not a POST request
[2025-06-18 04:59:02] Form submission handler called
[2025-06-18 04:59:02] Not a POST request
[2025-06-18 04:59:05] Form submission handler called
[2025-06-18 04:59:05] Not a POST request
[2025-06-18 05:00:58] Form submission handler called
[2025-06-18 05:00:58] Not a POST request
[2025-06-18 05:01:00] Form submission handler called
[2025-06-18 05:01:00] Not a POST request
[2025-06-18 05:01:07] Form submission handler called
[2025-06-18 05:01:07] Not a POST request
[2025-06-18 05:01:07] Form submission handler called
[2025-06-18 05:01:07] Not a POST request
[2025-06-18 05:01:08] Form submission handler called
[2025-06-18 05:01:08] Not a POST request
[2025-06-18 05:01:17] Form submission handler called
[2025-06-18 05:01:17] Not a POST request
[2025-06-18 05:01:23] Form submission handler called
[2025-06-18 05:01:23] Not a POST request
[2025-06-18 05:01:25] Form submission handler called
[2025-06-18 05:01:25] Not a POST request
[2025-06-18 05:01:27] Form submission handler called
[2025-06-18 05:01:27] Not a POST request
[2025-06-18 05:01:28] Form submission handler called
[2025-06-18 05:01:28] Not a POST request
[2025-06-18 05:01:29] Form submission handler called
[2025-06-18 05:01:29] Not a POST request
[2025-06-18 05:01:37] Form submission handler called
[2025-06-18 05:01:37] Not a POST request
[2025-06-18 05:02:51] Form submission handler called
[2025-06-18 05:02:51] Not a POST request
[2025-06-18 05:02:52] Form submission handler called
[2025-06-18 05:02:52] Not a POST request
[2025-06-18 05:02:54] Form submission handler called
[2025-06-18 05:02:54] Not a POST request
[2025-06-18 05:02:58] Form submission handler called
[2025-06-18 05:02:58] Not a POST request
[2025-06-18 14:56:26] Form submission handler called
[2025-06-18 14:56:26] Not a POST request
[2025-06-18 15:00:15] Form submission handler called
[2025-06-18 15:00:15] Not a POST request
[2025-06-18 15:00:20] Form submission handler called
[2025-06-18 15:00:20] Not a POST request
[2025-06-18 15:00:23] Form submission handler called
[2025-06-18 15:00:23] Not a POST request
[2025-06-18 15:00:33] Form submission handler called
[2025-06-18 15:00:33] Not a POST request
[2025-06-18 15:00:37] Form submission handler called
[2025-06-18 15:00:37] Not a POST request
[2025-06-18 15:02:41] Form submission handler called
[2025-06-18 15:02:41] Not a POST request
[2025-06-18 15:03:03] Form submission handler called
[2025-06-18 15:03:03] Not a POST request
[2025-06-18 15:04:04] Form submission handler called
[2025-06-18 15:04:04] Not a POST request
[2025-06-18 15:05:04] Form submission handler called
[2025-06-18 15:05:04] Not a POST request
[2025-06-18 15:05:20] Form submission handler called
[2025-06-18 15:05:20] Not a POST request
[2025-06-18 15:05:42] Form submission handler called
[2025-06-18 15:05:42] Not a POST request
[2025-06-18 15:06:25] Form submission handler called
[2025-06-18 15:06:25] Not a POST request
[2025-06-18 15:08:04] Form submission handler called
[2025-06-18 15:08:04] Not a POST request
[2025-06-18 15:12:57] Form submission handler called
[2025-06-18 15:12:57] Not a POST request
[2025-06-18 15:13:23] Form submission handler called
[2025-06-18 15:13:23] Not a POST request
[2025-06-18 15:13:25] Form submission handler called
[2025-06-18 15:13:25] Not a POST request
[2025-06-18 15:13:55] Form submission handler called
[2025-06-18 15:13:55] Not a POST request
[2025-06-18 19:24:48] Form submission handler called
[2025-06-18 19:24:48] Not a POST request
[2025-06-18 20:04:35] Form submission handler called
[2025-06-18 20:04:35] Not a POST request
[2025-06-18 20:04:37] Form submission handler called
[2025-06-18 20:04:37] Not a POST request
[2025-06-18 20:04:42] Form submission handler called
[2025-06-18 20:04:42] Not a POST request
[2025-06-18 20:12:31] Form submission handler called
[2025-06-18 20:12:31] Not a POST request
[2025-06-18 21:51:51] Form submission handler called
[2025-06-18 21:51:51] Not a POST request
[2025-06-18 21:52:10] Form submission handler called
[2025-06-18 21:52:10] Not a POST request
[2025-06-18 21:52:13] Form submission handler called
[2025-06-18 21:52:13] Not a POST request
[2025-06-18 21:52:15] Form submission handler called
[2025-06-18 21:52:15] Not a POST request
[2025-06-20 22:33:07] Form submission handler called
[2025-06-20 22:33:07] Not a POST request
[2025-06-20 23:22:23] Form submission handler called
[2025-06-20 23:22:23] Not a POST request
[2025-06-21 02:38:45] Form submission handler called
[2025-06-21 02:38:45] Not a POST request
[2025-06-21 04:11:33] Form submission handler called
[2025-06-21 04:11:33] Not a POST request
[2025-06-22 01:50:46] Form submission handler called
[2025-06-22 01:50:46] Not a POST request
[2025-06-22 01:51:41] Form submission handler called
[2025-06-22 01:51:41] Not a POST request
[2025-06-22 01:51:46] Form submission handler called
[2025-06-22 01:51:46] Not a POST request
[2025-06-22 01:51:54] Form submission handler called
[2025-06-22 01:51:54] Not a POST request
[2025-06-22 01:51:56] Form submission handler called
[2025-06-22 01:51:56] Not a POST request
[2025-06-22 02:00:46] Form submission handler called
[2025-06-22 02:00:46] Not a POST request
[2025-06-22 02:01:39] Form submission handler called
[2025-06-22 02:01:39] Not a POST request
[2025-06-22 02:02:39] Form submission handler called
[2025-06-22 02:02:39] Not a POST request
[2025-06-22 02:03:21] Form submission handler called
[2025-06-22 02:03:21] Not a POST request
[2025-06-22 02:05:29] Form submission handler called
[2025-06-22 02:05:29] Not a POST request
[2025-06-22 02:05:44] Form submission handler called
[2025-06-22 02:05:44] Not a POST request
[2025-06-22 02:06:38] Form submission handler called
[2025-06-22 02:06:38] Not a POST request
[2025-06-22 02:08:16] Form submission handler called
[2025-06-22 02:08:16] Not a POST request
[2025-06-22 02:22:19] Form submission handler called
[2025-06-22 02:22:19] Not a POST request
[2025-06-22 20:28:22] Form submission handler called
[2025-06-22 20:28:22] Not a POST request
[2025-06-22 20:28:23] Form submission handler called
[2025-06-22 20:28:23] Not a POST request
[2025-06-22 20:28:33] Form submission handler called
[2025-06-22 20:28:33] Not a POST request
[2025-06-22 20:28:40] Form submission handler called
[2025-06-22 20:28:40] Not a POST request
[2025-06-22 20:28:56] Form submission handler called
[2025-06-22 20:28:56] Not a POST request
[2025-06-22 20:29:00] Form submission handler called
[2025-06-22 20:29:00] Not a POST request
[2025-06-22 20:29:28] Form submission handler called
[2025-06-22 20:29:28] Not a POST request
[2025-06-22 20:29:28] Form submission handler called
[2025-06-22 20:29:28] Not a POST request
[2025-06-22 20:29:33] Form submission handler called
[2025-06-22 20:29:33] Not a POST request
[2025-06-22 20:29:33] Form submission handler called
[2025-06-22 20:29:33] Not a POST request
[2025-06-22 20:29:35] Form submission handler called
[2025-06-22 20:29:35] Not a POST request
[2025-06-22 20:29:35] Form submission handler called
[2025-06-22 20:29:35] Not a POST request
[2025-06-22 20:29:59] Form submission handler called
[2025-06-22 20:29:59] Not a POST request
[2025-06-22 20:30:03] Form submission handler called
[2025-06-22 20:30:03] Not a POST request
[2025-06-22 20:30:39] Form submission handler called
[2025-06-22 20:30:39] Not a POST request
[2025-06-22 20:36:16] Form submission handler called
[2025-06-22 20:36:16] Not a POST request
[2025-06-22 20:36:42] Form submission handler called
[2025-06-22 20:36:42] Not a POST request
[2025-06-22 20:36:44] Form submission handler called
[2025-06-22 20:36:44] Not a POST request
[2025-06-22 20:36:48] Form submission handler called
[2025-06-22 20:36:48] Not a POST request
[2025-06-22 20:36:50] Form submission handler called
[2025-06-22 20:36:50] Not a POST request
[2025-06-22 20:39:11] Form submission handler called
[2025-06-22 20:39:11] Not a POST request
[2025-06-22 20:39:30] Form submission handler called
[2025-06-22 20:39:30] Not a POST request
[2025-06-22 20:39:33] Form submission handler called
[2025-06-22 20:39:33] Not a POST request
[2025-06-22 20:39:37] Form submission handler called
[2025-06-22 20:39:37] Not a POST request
[2025-06-22 20:43:44] Form submission handler called
[2025-06-22 20:43:44] Not a POST request
[2025-06-22 20:47:38] Form submission handler called
[2025-06-22 20:47:38] Not a POST request
[2025-06-22 20:47:39] Form submission handler called
[2025-06-22 20:47:39] Not a POST request
[2025-06-22 20:47:40] Form submission handler called
[2025-06-22 20:47:40] Not a POST request
[2025-06-22 20:47:40] Form submission handler called
[2025-06-22 20:47:40] Not a POST request
[2025-06-22 20:52:31] Form submission handler called
[2025-06-22 20:52:31] Not a POST request
[2025-06-22 20:52:32] Form submission handler called
[2025-06-22 20:52:32] Not a POST request
[2025-06-22 20:54:40] Form submission handler called
[2025-06-22 20:54:40] Not a POST request
[2025-06-22 20:55:05] Form submission handler called
[2025-06-22 20:55:05] Not a POST request
[2025-06-22 20:55:09] Form submission handler called
[2025-06-22 20:55:09] Not a POST request
[2025-06-22 20:58:19] Form submission handler called
[2025-06-22 20:58:19] Not a POST request
[2025-06-22 20:58:19] Form submission handler called
[2025-06-22 20:58:19] Not a POST request
[2025-06-22 20:58:32] Form submission handler called
[2025-06-22 20:58:32] Not a POST request
[2025-06-22 21:01:59] Form submission handler called
[2025-06-22 21:01:59] Not a POST request
[2025-06-22 21:02:15] Form submission handler called
[2025-06-22 21:02:15] Not a POST request
[2025-06-22 21:02:15] Form submission handler called
[2025-06-22 21:02:15] Not a POST request
[2025-06-22 21:06:01] Form submission handler called
[2025-06-22 21:06:01] Not a POST request
[2025-06-22 21:06:05] Form submission handler called
[2025-06-22 21:06:05] Not a POST request
[2025-06-22 21:06:05] Form submission handler called
[2025-06-22 21:06:05] Not a POST request
[2025-06-22 21:06:17] Form submission handler called
[2025-06-22 21:06:17] Not a POST request
[2025-06-22 21:08:09] Form submission handler called
[2025-06-22 21:08:09] Not a POST request
[2025-06-22 21:11:29] Form submission handler called
[2025-06-22 21:11:29] Not a POST request
[2025-06-22 21:14:00] Form submission handler called
[2025-06-22 21:14:00] Not a POST request
[2025-06-22 21:14:04] Form submission handler called
[2025-06-22 21:14:04] Not a POST request
[2025-06-22 21:16:18] Form submission handler called
[2025-06-22 21:16:18] Not a POST request
[2025-06-22 21:16:21] Form submission handler called
[2025-06-22 21:16:21] Not a POST request
[2025-06-22 21:19:55] Form submission handler called
[2025-06-22 21:19:55] Not a POST request
[2025-06-22 21:19:57] Form submission handler called
[2025-06-22 21:19:57] Not a POST request
[2025-06-22 21:24:04] Form submission handler called
[2025-06-22 21:24:04] Not a POST request
[2025-06-22 21:24:08] Form submission handler called
[2025-06-22 21:24:08] Not a POST request
[2025-06-22 21:26:25] Form submission handler called
[2025-06-22 21:26:25] Not a POST request
[2025-06-22 21:28:15] Form submission handler called
[2025-06-22 21:28:15] Not a POST request
[2025-06-22 21:28:18] Form submission handler called
[2025-06-22 21:28:18] Not a POST request
[2025-06-22 21:32:57] Form submission handler called
[2025-06-22 21:32:57] Not a POST request
[2025-06-22 21:36:38] Form submission handler called
[2025-06-22 21:36:38] Not a POST request
[2025-06-22 21:44:35] Form submission handler called
[2025-06-22 21:44:35] Not a POST request
[2025-06-22 21:46:57] Form submission handler called
[2025-06-22 21:46:57] Not a POST request
[2025-06-22 21:48:30] Form submission handler called
[2025-06-22 21:48:30] Not a POST request
[2025-06-22 21:48:58] Form submission handler called
[2025-06-22 21:48:58] Not a POST request
[2025-06-22 21:50:08] Form submission handler called
[2025-06-22 21:50:08] Not a POST request
[2025-06-22 21:50:09] Form submission handler called
[2025-06-22 21:50:09] Not a POST request
[2025-06-22 21:51:00] Form submission handler called
[2025-06-22 21:51:00] Not a POST request
[2025-06-22 21:51:00] Form submission handler called
[2025-06-22 21:51:00] Not a POST request
[2025-06-22 21:51:28] Form submission handler called
[2025-06-22 21:51:28] Not a POST request
[2025-06-22 21:51:44] Form submission handler called
[2025-06-22 21:51:44] Not a POST request
[2025-06-22 21:52:46] Form submission handler called
[2025-06-22 21:52:46] Not a POST request
[2025-06-22 21:53:00] Form submission handler called
[2025-06-22 21:53:00] Not a POST request
[2025-06-22 21:53:00] Form submission handler called
[2025-06-22 21:53:00] Not a POST request
[2025-06-22 21:53:01] Form submission handler called
[2025-06-22 21:53:01] Not a POST request
[2025-06-22 21:53:02] Form submission handler called
[2025-06-22 21:53:02] Not a POST request
[2025-06-22 21:53:03] Form submission handler called
[2025-06-22 21:53:03] Not a POST request
[2025-06-22 21:53:06] Form submission handler called
[2025-06-22 21:53:06] Not a POST request
[2025-06-22 21:53:06] Form submission handler called
[2025-06-22 21:53:06] Not a POST request
[2025-06-22 22:02:56] Form submission handler called
[2025-06-22 22:02:56] Not a POST request
[2025-06-22 22:02:57] Form submission handler called
[2025-06-22 22:02:57] Not a POST request
[2025-06-22 22:03:51] Form submission handler called
[2025-06-22 22:03:51] Not a POST request
[2025-06-22 22:04:07] Form submission handler called
[2025-06-22 22:04:07] Not a POST request
[2025-06-22 22:08:18] Form submission handler called
[2025-06-22 22:08:18] Not a POST request
[2025-06-22 22:08:33] Form submission handler called
[2025-06-22 22:08:33] Not a POST request
[2025-06-22 22:08:42] Form submission handler called
[2025-06-22 22:08:42] Not a POST request
[2025-06-22 22:08:42] Form submission handler called
[2025-06-22 22:08:42] Not a POST request
[2025-06-22 22:10:42] Form submission handler called
[2025-06-22 22:10:42] Not a POST request
[2025-06-22 22:10:42] Form submission handler called
[2025-06-22 22:10:42] Not a POST request
[2025-06-22 22:12:05] Form submission handler called
[2025-06-22 22:12:05] Not a POST request
[2025-06-22 22:13:43] Form submission handler called
[2025-06-22 22:13:43] Not a POST request
[2025-06-22 22:16:11] Form submission handler called
[2025-06-22 22:16:11] Not a POST request
[2025-06-22 22:26:26] Form submission handler called
[2025-06-22 22:26:26] Not a POST request
[2025-06-22 22:26:26] Form submission handler called
[2025-06-22 22:26:26] Not a POST request
[2025-06-22 22:26:28] Form submission handler called
[2025-06-22 22:26:28] Not a POST request
[2025-06-22 22:26:28] Form submission handler called
[2025-06-22 22:26:28] Not a POST request
[2025-06-22 22:26:30] Form submission handler called
[2025-06-22 22:26:30] Not a POST request
[2025-06-22 22:26:31] Form submission handler called
[2025-06-22 22:26:31] Not a POST request
[2025-06-22 22:26:31] Form submission handler called
[2025-06-22 22:26:31] Not a POST request
[2025-06-22 22:26:32] Form submission handler called
[2025-06-22 22:26:32] Not a POST request
[2025-06-22 22:26:43] Form submission handler called
[2025-06-22 22:26:43] Not a POST request
[2025-06-22 22:26:44] Form submission handler called
[2025-06-22 22:26:44] Not a POST request
[2025-06-22 22:26:46] Form submission handler called
[2025-06-22 22:26:46] Not a POST request
[2025-06-22 22:26:46] Form submission handler called
[2025-06-22 22:26:46] Not a POST request
[2025-06-22 22:26:48] Form submission handler called
[2025-06-22 22:26:48] Not a POST request
[2025-06-22 22:26:53] Form submission handler called
[2025-06-22 22:26:53] Not a POST request
[2025-06-22 22:26:53] Form submission handler called
[2025-06-22 22:26:53] Not a POST request
[2025-06-22 22:26:54] Form submission handler called
[2025-06-22 22:26:54] Not a POST request
[2025-06-22 22:26:54] Form submission handler called
[2025-06-22 22:26:54] Not a POST request
[2025-06-22 22:27:11] Form submission handler called
[2025-06-22 22:27:11] Not a POST request
[2025-06-22 22:27:11] Form submission handler called
[2025-06-22 22:27:11] Not a POST request
[2025-06-22 22:28:43] Form submission handler called
[2025-06-22 22:28:43] Not a POST request
[2025-06-22 22:30:27] Form submission handler called
[2025-06-22 22:30:27] Not a POST request
[2025-06-22 22:32:00] Form submission handler called
[2025-06-22 22:32:00] Not a POST request
[2025-06-22 22:32:00] Form submission handler called
[2025-06-22 22:32:00] Not a POST request
[2025-06-22 22:32:04] Form submission handler called
[2025-06-22 22:32:04] Not a POST request
[2025-06-22 22:32:05] Form submission handler called
[2025-06-22 22:32:05] Not a POST request
[2025-06-22 22:32:14] Form submission handler called
[2025-06-22 22:32:14] Not a POST request
[2025-06-22 22:32:15] Form submission handler called
[2025-06-22 22:32:15] Not a POST request
[2025-06-22 22:34:16] Form submission handler called
[2025-06-22 22:34:16] Not a POST request
[2025-06-22 22:34:16] Form submission handler called
[2025-06-22 22:34:16] Not a POST request
[2025-06-22 22:34:19] Form submission handler called
[2025-06-22 22:34:19] Not a POST request
[2025-06-22 22:34:19] Form submission handler called
[2025-06-22 22:34:19] Not a POST request
[2025-06-22 23:01:54] Form submission handler called
[2025-06-22 23:01:54] Not a POST request
[2025-06-22 23:01:57] Form submission handler called
[2025-06-22 23:01:57] Not a POST request
[2025-06-22 23:04:47] Form submission handler called
[2025-06-22 23:04:47] Not a POST request
[2025-06-22 23:04:48] Form submission handler called
[2025-06-22 23:04:48] Not a POST request
[2025-06-22 23:04:49] Form submission handler called
[2025-06-22 23:04:49] Not a POST request
[2025-06-23 03:43:09] Form submission handler called
[2025-06-23 03:43:09] Not a POST request
[2025-06-23 03:43:12] Form submission handler called
[2025-06-23 03:43:12] Not a POST request
[2025-06-23 03:43:51] Form submission handler called
[2025-06-23 03:43:51] Not a POST request
[2025-06-23 16:42:13] Form submission handler called
[2025-06-23 16:42:13] Not a POST request
[2025-06-23 16:42:16] Form submission handler called
[2025-06-23 16:42:16] Not a POST request
[2025-06-23 16:43:29] Form submission handler called
[2025-06-23 16:43:29] Not a POST request
[2025-06-23 16:43:29] Form submission handler called
[2025-06-23 16:43:29] Not a POST request
[2025-06-23 16:43:40] Form submission handler called
[2025-06-23 16:43:40] Not a POST request
[2025-06-23 16:43:41] Form submission handler called
[2025-06-23 16:43:41] Not a POST request
[2025-06-25 07:27:43] Form submission handler called
[2025-06-25 07:27:43] Not a POST request
[2025-06-25 07:27:48] Form submission handler called
[2025-06-25 07:27:48] Not a POST request
[2025-06-25 07:49:11] Form submission handler called
[2025-06-25 07:49:11] Not a POST request
[2025-06-25 07:49:13] Form submission handler called
[2025-06-25 07:49:13] Not a POST request
[2025-06-26 02:06:30] Form submission handler called
[2025-06-26 02:06:30] Not a POST request
[2025-06-26 02:07:03] Form submission handler called
[2025-06-26 02:07:03] Not a POST request
[2025-06-26 02:07:03] Form submission handler called
[2025-06-26 02:07:03] Not a POST request
[2025-06-26 02:07:03] Form submission handler called
[2025-06-26 02:07:03] Not a POST request
[2025-06-26 02:07:04] Form submission handler called
[2025-06-26 02:07:04] Not a POST request
[2025-06-26 02:07:22] Form submission handler called
[2025-06-26 02:07:22] Not a POST request
[2025-06-26 02:07:22] Form submission handler called
[2025-06-26 02:07:22] Not a POST request
[2025-06-26 02:07:22] Form submission handler called
[2025-06-26 02:07:22] Not a POST request
[2025-06-26 02:07:22] Form submission handler called
[2025-06-26 02:07:22] Not a POST request
[2025-06-26 02:10:36] Form submission handler called
[2025-06-26 02:10:36] Not a POST request
[2025-06-26 02:10:36] Form submission handler called
[2025-06-26 02:10:36] Not a POST request
[2025-06-26 02:10:36] Form submission handler called
[2025-06-26 02:10:36] Not a POST request
[2025-06-26 02:11:31] Form submission handler called
[2025-06-26 02:11:31] Not a POST request
[2025-06-26 02:11:31] Form submission handler called
[2025-06-26 02:11:31] Not a POST request
[2025-06-26 02:12:13] Form submission handler called
[2025-06-26 02:12:13] Not a POST request
[2025-06-26 02:12:13] Form submission handler called
[2025-06-26 02:12:13] Not a POST request
[2025-06-26 02:12:13] Form submission handler called
[2025-06-26 02:12:13] Not a POST request
[2025-06-26 02:17:22] Form submission handler called
[2025-06-26 02:17:22] Not a POST request
[2025-06-26 02:17:48] Form submission handler called
[2025-06-26 02:17:48] Not a POST request
[2025-06-26 02:17:48] Form submission handler called
[2025-06-26 02:17:48] Not a POST request
[2025-06-26 02:18:05] Form submission handler called
[2025-06-26 02:18:05] Not a POST request
[2025-06-26 02:18:05] Form submission handler called
[2025-06-26 02:18:05] Not a POST request
[2025-06-26 02:21:07] Form submission handler called
[2025-06-26 02:21:07] Not a POST request
[2025-06-26 02:21:38] Form submission handler called
[2025-06-26 02:21:38] Not a POST request
[2025-06-26 02:21:46] Form submission handler called
[2025-06-26 02:21:46] Not a POST request
[2025-06-26 02:21:55] Form submission handler called
[2025-06-26 02:21:55] Not a POST request
[2025-06-26 02:22:04] Form submission handler called
[2025-06-26 02:22:04] Not a POST request
[2025-06-26 02:22:15] Form submission handler called
[2025-06-26 02:22:15] Not a POST request
[2025-06-26 02:31:34] Form submission handler called
[2025-06-26 02:31:34] Not a POST request
[2025-06-26 02:31:39] Form submission handler called
[2025-06-26 02:31:39] Not a POST request
[2025-06-26 02:31:40] Form submission handler called
[2025-06-26 02:31:40] Not a POST request
[2025-06-26 02:32:00] Form submission handler called
[2025-06-26 02:32:00] Not a POST request
[2025-06-26 02:32:00] Form submission handler called
[2025-06-26 02:32:00] Not a POST request
[2025-06-26 02:35:48] Form submission handler called
[2025-06-26 02:35:48] Not a POST request
[2025-06-26 02:37:09] Form submission handler called
[2025-06-26 02:37:09] Not a POST request
[2025-06-26 02:39:12] Form submission handler called
[2025-06-26 02:39:12] Not a POST request
[2025-06-26 02:39:13] Form submission handler called
[2025-06-26 02:39:13] Not a POST request
[2025-06-26 02:39:17] Form submission handler called
[2025-06-26 02:39:17] Not a POST request
[2025-06-26 03:28:18] Form submission handler called
[2025-06-26 03:28:18] Not a POST request
[2025-06-26 03:31:26] Form submission handler called
[2025-06-26 03:31:26] Not a POST request
[2025-06-26 03:31:48] Form submission handler called
[2025-06-26 03:31:48] Not a POST request
[2025-06-26 03:32:00] Form submission handler called
[2025-06-26 03:32:00] Not a POST request
[2025-06-26 03:32:17] Form submission handler called
[2025-06-26 03:32:17] Not a POST request
[2025-06-26 03:32:44] Form submission handler called
[2025-06-26 03:32:44] Not a POST request
[2025-06-26 03:35:40] Form submission handler called
[2025-06-26 03:35:40] Not a POST request
[2025-06-26 03:40:03] Form submission handler called
[2025-06-26 03:40:03] Not a POST request
[2025-06-26 03:42:01] Form submission handler called
[2025-06-26 03:42:01] Not a POST request
[2025-06-26 03:45:06] Form submission handler called
[2025-06-26 03:45:06] Not a POST request
[2025-06-26 03:46:11] Form submission handler called
[2025-06-26 03:46:11] Not a POST request
[2025-06-26 03:46:12] Form submission handler called
[2025-06-26 03:46:12] Not a POST request
[2025-06-26 03:47:02] Form submission handler called
[2025-06-26 03:47:02] Not a POST request
[2025-06-26 03:48:55] Form submission handler called
[2025-06-26 03:48:55] Not a POST request
[2025-06-26 03:49:46] Form submission handler called
[2025-06-26 03:49:46] Not a POST request
[2025-06-26 03:49:49] Form submission handler called
[2025-06-26 03:49:49] Not a POST request
[2025-06-26 03:51:05] Form submission handler called
[2025-06-26 03:51:05] Not a POST request
[2025-06-26 03:52:50] Form submission handler called
[2025-06-26 03:52:50] Not a POST request
[2025-06-26 03:54:16] Form submission handler called
[2025-06-26 03:54:16] Not a POST request
[2025-06-26 03:54:49] Form submission handler called
[2025-06-26 03:54:49] Not a POST request
[2025-06-26 03:54:50] Form submission handler called
[2025-06-26 03:54:50] Not a POST request
[2025-06-26 03:58:09] Form submission handler called
[2025-06-26 03:58:09] Not a POST request
[2025-06-26 03:59:35] Form submission handler called
[2025-06-26 03:59:35] Not a POST request
[2025-06-26 03:59:41] Form submission handler called
[2025-06-26 03:59:41] Not a POST request
[2025-06-26 03:59:45] Form submission handler called
[2025-06-26 03:59:45] Not a POST request
[2025-06-26 04:05:26] Form submission handler called
[2025-06-26 04:05:26] Not a POST request
[2025-06-26 04:05:27] Form submission handler called
[2025-06-26 04:05:27] Not a POST request
[2025-06-26 04:08:17] Form submission handler called
[2025-06-26 04:08:17] Not a POST request
[2025-06-26 04:10:16] Form submission handler called
[2025-06-26 04:10:16] Not a POST request
[2025-06-26 04:11:28] Form submission handler called
[2025-06-26 04:11:28] Not a POST request
[2025-06-26 04:11:51] Form submission handler called
[2025-06-26 04:11:51] Not a POST request
[2025-06-26 04:12:28] Form submission handler called
[2025-06-26 04:12:28] Not a POST request
[2025-06-26 04:31:27] Form submission handler called
[2025-06-26 04:31:27] Not a POST request
[2025-06-26 13:32:53] Form submission handler called
[2025-06-26 13:32:53] Not a POST request
[2025-06-26 13:33:23] Form submission handler called
[2025-06-26 13:33:23] Not a POST request
[2025-06-26 13:35:10] Form submission handler called
[2025-06-26 13:35:10] Not a POST request
[2025-06-26 13:36:36] Form submission handler called
[2025-06-26 13:36:36] Not a POST request
[2025-06-26 13:52:55] Form submission handler called
[2025-06-26 13:52:55] Not a POST request
[2025-06-26 13:53:15] Form submission handler called
[2025-06-26 13:53:15] Not a POST request
[2025-06-26 13:53:18] Form submission handler called
[2025-06-26 13:53:18] Not a POST request
[2025-06-26 13:53:47] Form submission handler called
[2025-06-26 13:53:47] Not a POST request
[2025-06-26 13:54:03] Form submission handler called
[2025-06-26 13:54:03] Not a POST request
[2025-06-26 13:54:29] Form submission handler called
[2025-06-26 13:54:29] Not a POST request
[2025-06-26 14:14:57] Form submission handler called
[2025-06-26 14:14:57] Not a POST request
[2025-06-26 14:16:52] Form submission handler called
[2025-06-26 14:16:52] Not a POST request
[2025-06-26 14:16:54] Form submission handler called
[2025-06-26 14:16:54] Not a POST request
[2025-06-26 14:24:03] Form submission handler called
[2025-06-26 14:24:03] Not a POST request
[2025-06-26 14:24:03] Form submission handler called
[2025-06-26 14:24:03] Not a POST request
[2025-06-26 14:24:09] Form submission handler called
[2025-06-26 14:24:09] Not a POST request
[2025-06-26 14:31:30] Form submission handler called
[2025-06-26 14:31:30] Not a POST request
[2025-06-26 14:44:20] Form submission handler called
[2025-06-26 14:44:20] Not a POST request
[2025-06-26 15:08:42] Form submission handler called
[2025-06-26 15:08:42] Not a POST request
[2025-06-26 15:09:11] Form submission handler called
[2025-06-26 15:09:11] Not a POST request
[2025-06-29 00:57:46] Form submission handler called
[2025-06-29 00:57:46] Not a POST request
[2025-06-29 00:57:47] Form submission handler called
[2025-06-29 00:57:47] Not a POST request
[2025-06-29 01:01:01] Form submission handler called
[2025-06-29 01:01:01] Not a POST request
[2025-06-29 01:01:06] Form submission handler called
[2025-06-29 01:01:06] Not a POST request
[2025-06-29 01:01:09] Form submission handler called
[2025-06-29 01:01:09] Not a POST request
[2025-06-29 01:01:20] Form submission handler called
[2025-06-29 01:01:20] Not a POST request
[2025-06-29 01:01:20] Form submission handler called
[2025-06-29 01:01:20] Not a POST request
[2025-06-29 01:02:00] Form submission handler called
[2025-06-29 01:02:00] Not a POST request
[2025-06-29 01:02:54] Form submission handler called
[2025-06-29 01:02:54] Not a POST request
[2025-06-29 01:03:08] Form submission handler called
[2025-06-29 01:03:08] Not a POST request
[2025-06-29 01:03:12] Form submission handler called
[2025-06-29 01:03:12] Not a POST request
[2025-06-29 02:42:11] Form submission handler called
[2025-06-29 02:42:11] Not a POST request
[2025-06-29 02:42:11] Form submission handler called
[2025-06-29 02:42:11] Not a POST request
